[debug] [2025-10-22T22:44:43.313Z] ----------------------------------------------------------------------
[debug] [2025-10-22T22:44:43.317Z] Command:       /Users/aki/.nvm/versions/node/v20.19.5/bin/node /Users/aki/.nvm/versions/node/v20.19.5/bin/firebase deploy
[debug] [2025-10-22T22:44:43.317Z] CLI Version:   14.20.0
[debug] [2025-10-22T22:44:43.318Z] Platform:      darwin
[debug] [2025-10-22T22:44:43.318Z] Node Version:  v20.19.5
[debug] [2025-10-22T22:44:43.318Z] Time:          Thu Oct 23 2025 00:44:43 GMT+0200 (Central European Summer Time)
[debug] [2025-10-22T22:44:43.318Z] ----------------------------------------------------------------------
[debug] 
[debug] [2025-10-22T22:44:43.493Z] > command requires scopes: ["email","openid","https://www.googleapis.com/auth/cloudplatformprojects.readonly","https://www.googleapis.com/auth/firebase","https://www.googleapis.com/auth/cloud-platform"]
[debug] [2025-10-22T22:44:43.494Z] > authorizing via signed-in user (kiszka.adrian@gmail.com)
[debug] [2025-10-22T22:44:43.494Z] [iam] checking project macot-91358 for permissions ["firebase.projects.get","firebasehosting.sites.update","firebaserules.releases.create","firebaserules.releases.update","firebaserules.rulesets.create",null]
[debug] [2025-10-22T22:44:43.495Z] Checked if tokens are valid: false, expires at: 1761151769244
[debug] [2025-10-22T22:44:43.496Z] Checked if tokens are valid: false, expires at: 1761151769244
[debug] [2025-10-22T22:44:43.496Z] > refreshing access token with scopes: []
[debug] [2025-10-22T22:44:43.498Z] >>> [apiv2][query] POST https://www.googleapis.com/oauth2/v3/token [none]
[debug] [2025-10-22T22:44:43.498Z] >>> [apiv2][body] POST https://www.googleapis.com/oauth2/v3/token [omitted]
[debug] [2025-10-22T22:44:43.779Z] <<< [apiv2][status] POST https://www.googleapis.com/oauth2/v3/token 200
[debug] [2025-10-22T22:44:43.779Z] <<< [apiv2][body] POST https://www.googleapis.com/oauth2/v3/token [omitted]
[debug] [2025-10-22T22:44:43.826Z] >>> [apiv2][query] POST https://cloudresourcemanager.googleapis.com/v1/projects/macot-91358:testIamPermissions [none]
[debug] [2025-10-22T22:44:43.826Z] >>> [apiv2][(partial)header] POST https://cloudresourcemanager.googleapis.com/v1/projects/macot-91358:testIamPermissions x-goog-quota-user=projects/macot-91358
[debug] [2025-10-22T22:44:43.827Z] >>> [apiv2][body] POST https://cloudresourcemanager.googleapis.com/v1/projects/macot-91358:testIamPermissions {"permissions":["firebase.projects.get","firebasehosting.sites.update","firebaserules.releases.create","firebaserules.releases.update","firebaserules.rulesets.create",null]}
[debug] [2025-10-22T22:44:44.795Z] <<< [apiv2][status] POST https://cloudresourcemanager.googleapis.com/v1/projects/macot-91358:testIamPermissions 200
[debug] [2025-10-22T22:44:44.796Z] <<< [apiv2][body] POST https://cloudresourcemanager.googleapis.com/v1/projects/macot-91358:testIamPermissions {"permissions":["firebase.projects.get","firebasehosting.sites.update","firebaserules.releases.create","firebaserules.releases.update","firebaserules.rulesets.create"]}
[debug] [2025-10-22T22:44:44.796Z] [iam] error while checking permissions, command may fail: Authorization failed. This account is missing the following required permissions on project macot-91358:

  
[debug] [2025-10-22T22:44:44.796Z] Checked if tokens are valid: true, expires at: 1761176682780
[debug] [2025-10-22T22:44:44.797Z] Checked if tokens are valid: true, expires at: 1761176682780
[debug] [2025-10-22T22:44:44.797Z] >>> [apiv2][query] GET https://firebase.googleapis.com/v1beta1/projects/macot-91358 [none]
[debug] [2025-10-22T22:44:45.311Z] <<< [apiv2][status] GET https://firebase.googleapis.com/v1beta1/projects/macot-91358 200
[debug] [2025-10-22T22:44:45.312Z] <<< [apiv2][body] GET https://firebase.googleapis.com/v1beta1/projects/macot-91358 {"projectId":"macot-91358","projectNumber":"332971064767","displayName":"maCot","name":"projects/macot-91358","resources":{"hostingSite":"macot-91358","realtimeDatabaseInstance":"macot-91358-default-rtdb"},"state":"ACTIVE","etag":"1_fd346373-6674-4c23-83f2-ed48ce10d653"}
[info] 
[info] === Deploying to 'macot-91358'...
[info] 
[info] i  deploying storage, hosting, apphosting 
[info] i  storage: ensuring required API firebasestorage.googleapis.com is enabled... 
[debug] [2025-10-22T22:44:45.316Z] Checked if tokens are valid: true, expires at: 1761176682780
[debug] [2025-10-22T22:44:45.316Z] Checked if tokens are valid: true, expires at: 1761176682780
[debug] [2025-10-22T22:44:45.316Z] >>> [apiv2][query] GET https://firebasestorage.googleapis.com/v1alpha/projects/macot-91358/defaultBucket [none]
[debug] [2025-10-22T22:44:46.024Z] <<< [apiv2][status] GET https://firebasestorage.googleapis.com/v1alpha/projects/macot-91358/defaultBucket 200
[debug] [2025-10-22T22:44:46.024Z] <<< [apiv2][body] GET https://firebasestorage.googleapis.com/v1alpha/projects/macot-91358/defaultBucket {"name":"projects/macot-91358/defaultBucket","location":"US-EAST1","bucket":{"name":"projects/macot-91358/buckets/macot-91358.firebasestorage.app"},"storageClass":"REGIONAL"}
[info] i  firebase.storage: checking storage.rules for compilation errors... 
[debug] [2025-10-22T22:44:46.026Z] Checked if tokens are valid: true, expires at: 1761176682780
[debug] [2025-10-22T22:44:46.027Z] Checked if tokens are valid: true, expires at: 1761176682780
[debug] [2025-10-22T22:44:46.027Z] >>> [apiv2][query] POST https://firebaserules.googleapis.com/v1/projects/macot-91358:test [none]
[debug] [2025-10-22T22:44:46.027Z] >>> [apiv2][body] POST https://firebaserules.googleapis.com/v1/projects/macot-91358:test [omitted]
[debug] [2025-10-22T22:44:46.882Z] <<< [apiv2][status] POST https://firebaserules.googleapis.com/v1/projects/macot-91358:test 200
[debug] [2025-10-22T22:44:46.882Z] <<< [apiv2][body] POST https://firebaserules.googleapis.com/v1/projects/macot-91358:test {}
[info] ✔  firebase.storage: rules file storage.rules compiled successfully 
[debug] [2025-10-22T22:44:46.884Z] Checked if tokens are valid: true, expires at: 1761176682780
[debug] [2025-10-22T22:44:46.884Z] Checked if tokens are valid: true, expires at: 1761176682780
[debug] [2025-10-22T22:44:46.884Z] >>> [apiv2][query] POST https://firebasehosting.googleapis.com/v1beta1/projects/-/sites/macot-91358/versions [none]
[debug] [2025-10-22T22:44:46.884Z] >>> [apiv2][body] POST https://firebasehosting.googleapis.com/v1beta1/projects/-/sites/macot-91358/versions {"status":"CREATED","labels":{"deployment-tool":"cli-firebase"}}
[debug] [2025-10-22T22:44:48.248Z] <<< [apiv2][status] POST https://firebasehosting.googleapis.com/v1beta1/projects/-/sites/macot-91358/versions 200
[debug] [2025-10-22T22:44:48.248Z] <<< [apiv2][body] POST https://firebasehosting.googleapis.com/v1beta1/projects/-/sites/macot-91358/versions {"name":"projects/332971064767/sites/macot-91358/versions/1f994d8e8bb6c430","status":"CREATED","config":{},"labels":{"deployment-tool":"cli-firebase"}}
[debug] [2025-10-22T22:44:48.250Z] Checked if tokens are valid: true, expires at: 1761176682780
[debug] [2025-10-22T22:44:48.250Z] Checked if tokens are valid: true, expires at: 1761176682780
[debug] [2025-10-22T22:44:48.250Z] >>> [apiv2][query] POST https://iam.googleapis.com/v1/projects/macot-91358/serviceAccounts/firebase-app-hosting-compute@macot-91358.iam.gserviceaccount.com:testIamPermissions [none]
[debug] [2025-10-22T22:44:48.251Z] >>> [apiv2][(partial)header] POST https://iam.googleapis.com/v1/projects/macot-91358/serviceAccounts/firebase-app-hosting-compute@macot-91358.iam.gserviceaccount.com:testIamPermissions x-goog-quota-user=projects/macot-91358
[debug] [2025-10-22T22:44:48.251Z] >>> [apiv2][body] POST https://iam.googleapis.com/v1/projects/macot-91358/serviceAccounts/firebase-app-hosting-compute@macot-91358.iam.gserviceaccount.com:testIamPermissions {"permissions":["iam.serviceAccounts.actAs"]}
[debug] [2025-10-22T22:44:49.125Z] <<< [apiv2][status] POST https://iam.googleapis.com/v1/projects/macot-91358/serviceAccounts/firebase-app-hosting-compute@macot-91358.iam.gserviceaccount.com:testIamPermissions 200
[debug] [2025-10-22T22:44:49.125Z] <<< [apiv2][body] POST https://iam.googleapis.com/v1/projects/macot-91358/serviceAccounts/firebase-app-hosting-compute@macot-91358.iam.gserviceaccount.com:testIamPermissions {"permissions":["iam.serviceAccounts.actAs"]}
[debug] [2025-10-22T22:44:49.126Z] Checked if tokens are valid: true, expires at: 1761176682780
[debug] [2025-10-22T22:44:49.126Z] Checked if tokens are valid: true, expires at: 1761176682780
[debug] [2025-10-22T22:44:49.126Z] >>> [apiv2][query] POST https://iam.googleapis.com/v1/projects/macot-91358/serviceAccounts [none]
[debug] [2025-10-22T22:44:49.126Z] >>> [apiv2][body] POST https://iam.googleapis.com/v1/projects/macot-91358/serviceAccounts {"accountId":"firebase-app-hosting-compute","serviceAccount":{"displayName":"Firebase App Hosting compute service account","description":"Default service account used to run builds and deploys for Firebase App Hosting"}}
[debug] [2025-10-22T22:44:49.580Z] <<< [apiv2][status] POST https://iam.googleapis.com/v1/projects/macot-91358/serviceAccounts 409
[debug] [2025-10-22T22:44:49.580Z] <<< [apiv2][body] POST https://iam.googleapis.com/v1/projects/macot-91358/serviceAccounts [omitted]
[debug] [2025-10-22T22:44:49.581Z] Checked if tokens are valid: true, expires at: 1761176682780
[debug] [2025-10-22T22:44:49.581Z] Checked if tokens are valid: true, expires at: 1761176682780
[debug] [2025-10-22T22:44:49.582Z] >>> [apiv2][query] POST https://cloudresourcemanager.googleapis.com/v1/projects/macot-91358:getIamPolicy [none]
[debug] [2025-10-22T22:44:49.919Z] <<< [apiv2][status] POST https://cloudresourcemanager.googleapis.com/v1/projects/macot-91358:getIamPolicy 200
[debug] [2025-10-22T22:44:49.919Z] <<< [apiv2][body] POST https://cloudresourcemanager.googleapis.com/v1/projects/macot-91358:getIamPolicy {"version":1,"etag":"BwZBwUkkgPI=","bindings":[{"role":"roles/artifactregistry.serviceAgent","members":["serviceAccount:service-332971064767@gcp-sa-artifactregistry.iam.gserviceaccount.com"]},{"role":"roles/cloudaicompanion.serviceAgent","members":["serviceAccount:service-332971064767@gcp-sa-cloudaicompanion.iam.gserviceaccount.com"]},{"role":"roles/cloudbuild.builds.builder","members":["serviceAccount:332971064767@cloudbuild.gserviceaccount.com"]},{"role":"roles/cloudbuild.serviceAgent","members":["serviceAccount:service-332971064767@gcp-sa-cloudbuild.iam.gserviceaccount.com"]},{"role":"roles/cloudfunctions.admin","members":["serviceAccount:firebase-adminsdk-fbsvc@macot-91358.iam.gserviceaccount.com"]},{"role":"roles/cloudfunctions.developer","members":["serviceAccount:github-action-1080512361@macot-91358.iam.gserviceaccount.com"]},{"role":"roles/containerregistry.ServiceAgent","members":["serviceAccount:service-332971064767@containerregistry.iam.gserviceaccount.com"]},{"role":"roles/developerconnect.readTokenAccessor","members":["serviceAccount:firebase-app-hosting-compute@macot-91358.iam.gserviceaccount.com"]},{"role":"roles/editor","members":["serviceAccount:332971064767-compute@developer.gserviceaccount.com","serviceAccount:332971064767@cloudservices.gserviceaccount.com"]},{"role":"roles/firebase.managementServiceAgent","members":["serviceAccount:service-332971064767@gcp-sa-firebase.iam.gserviceaccount.com"]},{"role":"roles/firebase.sdkAdminServiceAgent","members":["serviceAccount:firebase-adminsdk-fbsvc@macot-91358.iam.gserviceaccount.com","serviceAccount:firebase-app-hosting-compute@macot-91358.iam.gserviceaccount.com"]},{"role":"roles/firebaseapphosting.computeRunner","members":["serviceAccount:firebase-app-hosting-compute@macot-91358.iam.gserviceaccount.com"]},{"role":"roles/firebaseapphosting.serviceAgent","members":["serviceAccount:service-332971064767@gcp-sa-firebaseapphosting.iam.gserviceaccount.com"]},{"role":"roles/firebaseauth.admin","members":["serviceAccount:github-action-1080512361@macot-91358.iam.gserviceaccount.com"]},{"role":"roles/firebasedatabase.admin","members":["serviceAccount:firebase-adminsdk-fbsvc@macot-91358.iam.gserviceaccount.com"]},{"role":"roles/firebasehosting.admin","members":["serviceAccount:github-action-1080512361@macot-91358.iam.gserviceaccount.com"]},{"role":"roles/firebasemods.serviceAgent","members":["serviceAccount:service-332971064767@gcp-sa-firebasemods.iam.gserviceaccount.com"]},{"role":"roles/firebaserules.firestoreServiceAgent","members":["serviceAccount:service-332971064767@gcp-sa-firebasestorage.iam.gserviceaccount.com"]},{"role":"roles/firebaserules.system","members":["serviceAccount:service-332971064767@firebase-rules.iam.gserviceaccount.com"]},{"role":"roles/firebasestorage.serviceAgent","members":["serviceAccount:service-332971064767@gcp-sa-firebasestorage.iam.gserviceaccount.com"]},{"role":"roles/firestore.serviceAgent","members":["serviceAccount:service-332971064767@gcp-sa-firestore.iam.gserviceaccount.com"]},{"role":"roles/iam.serviceAccountTokenCreator","members":["serviceAccount:firebase-adminsdk-fbsvc@macot-91358.iam.gserviceaccount.com"]},{"role":"roles/owner","members":["user:kiszka.adrian@gmail.com"]},{"role":"roles/run.serviceAgent","members":["serviceAccount:service-332971064767@serverless-robot-prod.iam.gserviceaccount.com"]},{"role":"roles/run.viewer","members":["serviceAccount:github-action-1080512361@macot-91358.iam.gserviceaccount.com"]},{"role":"roles/serviceusage.apiKeysViewer","members":["serviceAccount:github-action-1080512361@macot-91358.iam.gserviceaccount.com"]},{"role":"roles/serviceusage.serviceUsageConsumer","members":["serviceAccount:github-action-1080512361@macot-91358.iam.gserviceaccount.com"]},{"role":"roles/storage.admin","members":["serviceAccount:firebase-adminsdk-fbsvc@macot-91358.iam.gserviceaccount.com"]},{"role":"roles/storage.objectViewer","members":["serviceAccount:firebase-app-hosting-compute@macot-91358.iam.gserviceaccount.com"]}]}
[debug] [2025-10-22T22:44:49.919Z] Checked if tokens are valid: true, expires at: 1761176682780
[debug] [2025-10-22T22:44:49.919Z] Checked if tokens are valid: true, expires at: 1761176682780
[debug] [2025-10-22T22:44:49.920Z] >>> [apiv2][query] POST https://cloudresourcemanager.googleapis.com/v1/projects/macot-91358:setIamPolicy [none]
[debug] [2025-10-22T22:44:49.920Z] >>> [apiv2][body] POST https://cloudresourcemanager.googleapis.com/v1/projects/macot-91358:setIamPolicy {"policy":{"version":1,"etag":"BwZBwUkkgPI=","bindings":[{"role":"roles/artifactregistry.serviceAgent","members":["serviceAccount:service-332971064767@gcp-sa-artifactregistry.iam.gserviceaccount.com"]},{"role":"roles/cloudaicompanion.serviceAgent","members":["serviceAccount:service-332971064767@gcp-sa-cloudaicompanion.iam.gserviceaccount.com"]},{"role":"roles/cloudbuild.builds.builder","members":["serviceAccount:332971064767@cloudbuild.gserviceaccount.com"]},{"role":"roles/cloudbuild.serviceAgent","members":["serviceAccount:service-332971064767@gcp-sa-cloudbuild.iam.gserviceaccount.com"]},{"role":"roles/cloudfunctions.admin","members":["serviceAccount:firebase-adminsdk-fbsvc@macot-91358.iam.gserviceaccount.com"]},{"role":"roles/cloudfunctions.developer","members":["serviceAccount:github-action-1080512361@macot-91358.iam.gserviceaccount.com"]},{"role":"roles/containerregistry.ServiceAgent","members":["serviceAccount:service-332971064767@containerregistry.iam.gserviceaccount.com"]},{"role":"roles/developerconnect.readTokenAccessor","members":["serviceAccount:firebase-app-hosting-compute@macot-91358.iam.gserviceaccount.com"]},{"role":"roles/editor","members":["serviceAccount:332971064767-compute@developer.gserviceaccount.com","serviceAccount:332971064767@cloudservices.gserviceaccount.com"]},{"role":"roles/firebase.managementServiceAgent","members":["serviceAccount:service-332971064767@gcp-sa-firebase.iam.gserviceaccount.com"]},{"role":"roles/firebase.sdkAdminServiceAgent","members":["serviceAccount:firebase-adminsdk-fbsvc@macot-91358.iam.gserviceaccount.com","serviceAccount:firebase-app-hosting-compute@macot-91358.iam.gserviceaccount.com"]},{"role":"roles/firebaseapphosting.computeRunner","members":["serviceAccount:firebase-app-hosting-compute@macot-91358.iam.gserviceaccount.com"]},{"role":"roles/firebaseapphosting.serviceAgent","members":["serviceAccount:service-332971064767@gcp-sa-firebaseapphosting.iam.gserviceaccount.com"]},{"role":"roles/firebaseauth.admin","members":["serviceAccount:github-action-1080512361@macot-91358.iam.gserviceaccount.com"]},{"role":"roles/firebasedatabase.admin","members":["serviceAccount:firebase-adminsdk-fbsvc@macot-91358.iam.gserviceaccount.com"]},{"role":"roles/firebasehosting.admin","members":["serviceAccount:github-action-1080512361@macot-91358.iam.gserviceaccount.com"]},{"role":"roles/firebasemods.serviceAgent","members":["serviceAccount:service-332971064767@gcp-sa-firebasemods.iam.gserviceaccount.com"]},{"role":"roles/firebaserules.firestoreServiceAgent","members":["serviceAccount:service-332971064767@gcp-sa-firebasestorage.iam.gserviceaccount.com"]},{"role":"roles/firebaserules.system","members":["serviceAccount:service-332971064767@firebase-rules.iam.gserviceaccount.com"]},{"role":"roles/firebasestorage.serviceAgent","members":["serviceAccount:service-332971064767@gcp-sa-firebasestorage.iam.gserviceaccount.com"]},{"role":"roles/firestore.serviceAgent","members":["serviceAccount:service-332971064767@gcp-sa-firestore.iam.gserviceaccount.com"]},{"role":"roles/iam.serviceAccountTokenCreator","members":["serviceAccount:firebase-adminsdk-fbsvc@macot-91358.iam.gserviceaccount.com"]},{"role":"roles/owner","members":["user:kiszka.adrian@gmail.com"]},{"role":"roles/run.serviceAgent","members":["serviceAccount:service-332971064767@serverless-robot-prod.iam.gserviceaccount.com"]},{"role":"roles/run.viewer","members":["serviceAccount:github-action-1080512361@macot-91358.iam.gserviceaccount.com"]},{"role":"roles/serviceusage.apiKeysViewer","members":["serviceAccount:github-action-1080512361@macot-91358.iam.gserviceaccount.com"]},{"role":"roles/serviceusage.serviceUsageConsumer","members":["serviceAccount:github-action-1080512361@macot-91358.iam.gserviceaccount.com"]},{"role":"roles/storage.admin","members":["serviceAccount:firebase-adminsdk-fbsvc@macot-91358.iam.gserviceaccount.com"]},{"role":"roles/storage.objectViewer","members":["serviceAccount:firebase-app-hosting-compute@macot-91358.iam.gserviceaccount.com"]}]},"updateMask":"bindings"}
[debug] [2025-10-22T22:44:51.074Z] <<< [apiv2][status] POST https://cloudresourcemanager.googleapis.com/v1/projects/macot-91358:setIamPolicy 200
[debug] [2025-10-22T22:44:51.074Z] <<< [apiv2][body] POST https://cloudresourcemanager.googleapis.com/v1/projects/macot-91358:setIamPolicy {"version":1,"etag":"BwZBxxB71nQ=","bindings":[{"role":"roles/artifactregistry.serviceAgent","members":["serviceAccount:service-332971064767@gcp-sa-artifactregistry.iam.gserviceaccount.com"]},{"role":"roles/cloudaicompanion.serviceAgent","members":["serviceAccount:service-332971064767@gcp-sa-cloudaicompanion.iam.gserviceaccount.com"]},{"role":"roles/cloudbuild.builds.builder","members":["serviceAccount:332971064767@cloudbuild.gserviceaccount.com"]},{"role":"roles/cloudbuild.serviceAgent","members":["serviceAccount:service-332971064767@gcp-sa-cloudbuild.iam.gserviceaccount.com"]},{"role":"roles/cloudfunctions.admin","members":["serviceAccount:firebase-adminsdk-fbsvc@macot-91358.iam.gserviceaccount.com"]},{"role":"roles/cloudfunctions.developer","members":["serviceAccount:github-action-1080512361@macot-91358.iam.gserviceaccount.com"]},{"role":"roles/containerregistry.ServiceAgent","members":["serviceAccount:service-332971064767@containerregistry.iam.gserviceaccount.com"]},{"role":"roles/developerconnect.readTokenAccessor","members":["serviceAccount:firebase-app-hosting-compute@macot-91358.iam.gserviceaccount.com"]},{"role":"roles/editor","members":["serviceAccount:332971064767-compute@developer.gserviceaccount.com","serviceAccount:332971064767@cloudservices.gserviceaccount.com"]},{"role":"roles/firebase.managementServiceAgent","members":["serviceAccount:service-332971064767@gcp-sa-firebase.iam.gserviceaccount.com"]},{"role":"roles/firebase.sdkAdminServiceAgent","members":["serviceAccount:firebase-adminsdk-fbsvc@macot-91358.iam.gserviceaccount.com","serviceAccount:firebase-app-hosting-compute@macot-91358.iam.gserviceaccount.com"]},{"role":"roles/firebaseapphosting.computeRunner","members":["serviceAccount:firebase-app-hosting-compute@macot-91358.iam.gserviceaccount.com"]},{"role":"roles/firebaseapphosting.serviceAgent","members":["serviceAccount:service-332971064767@gcp-sa-firebaseapphosting.iam.gserviceaccount.com"]},{"role":"roles/firebaseauth.admin","members":["serviceAccount:github-action-1080512361@macot-91358.iam.gserviceaccount.com"]},{"role":"roles/firebasedatabase.admin","members":["serviceAccount:firebase-adminsdk-fbsvc@macot-91358.iam.gserviceaccount.com"]},{"role":"roles/firebasehosting.admin","members":["serviceAccount:github-action-1080512361@macot-91358.iam.gserviceaccount.com"]},{"role":"roles/firebasemods.serviceAgent","members":["serviceAccount:service-332971064767@gcp-sa-firebasemods.iam.gserviceaccount.com"]},{"role":"roles/firebaserules.firestoreServiceAgent","members":["serviceAccount:service-332971064767@gcp-sa-firebasestorage.iam.gserviceaccount.com"]},{"role":"roles/firebaserules.system","members":["serviceAccount:service-332971064767@firebase-rules.iam.gserviceaccount.com"]},{"role":"roles/firebasestorage.serviceAgent","members":["serviceAccount:service-332971064767@gcp-sa-firebasestorage.iam.gserviceaccount.com"]},{"role":"roles/firestore.serviceAgent","members":["serviceAccount:service-332971064767@gcp-sa-firestore.iam.gserviceaccount.com"]},{"role":"roles/iam.serviceAccountTokenCreator","members":["serviceAccount:firebase-adminsdk-fbsvc@macot-91358.iam.gserviceaccount.com"]},{"role":"roles/owner","members":["user:kiszka.adrian@gmail.com"]},{"role":"roles/run.serviceAgent","members":["serviceAccount:service-332971064767@serverless-robot-prod.iam.gserviceaccount.com"]},{"role":"roles/run.viewer","members":["serviceAccount:github-action-1080512361@macot-91358.iam.gserviceaccount.com"]},{"role":"roles/serviceusage.apiKeysViewer","members":["serviceAccount:github-action-1080512361@macot-91358.iam.gserviceaccount.com"]},{"role":"roles/serviceusage.serviceUsageConsumer","members":["serviceAccount:github-action-1080512361@macot-91358.iam.gserviceaccount.com"]},{"role":"roles/storage.admin","members":["serviceAccount:firebase-adminsdk-fbsvc@macot-91358.iam.gserviceaccount.com"]},{"role":"roles/storage.objectViewer","members":["serviceAccount:firebase-app-hosting-compute@macot-91358.iam.gserviceaccount.com"]}]}
[debug] [2025-10-22T22:44:51.074Z] Checked if tokens are valid: true, expires at: 1761176682780
[debug] [2025-10-22T22:44:51.075Z] Checked if tokens are valid: true, expires at: 1761176682780
[debug] [2025-10-22T22:44:51.075Z] >>> [apiv2][query] GET https://firebaseapphosting.googleapis.com/v1beta/projects/macot-91358/locations/-/backends 
[debug] [2025-10-22T22:44:52.232Z] <<< [apiv2][status] GET https://firebaseapphosting.googleapis.com/v1beta/projects/macot-91358/locations/-/backends 200
[debug] [2025-10-22T22:44:52.232Z] <<< [apiv2][body] GET https://firebaseapphosting.googleapis.com/v1beta/projects/macot-91358/locations/-/backends {"backends":[{"name":"projects/macot-91358/locations/europe-west4/backends/macot-backend","createTime":"2025-10-21T14:03:00.832286141Z","updateTime":"2025-10-21T14:03:01.263031Z","labels":{"deployment-tool":"cli-firebase"},"uri":"macot-backend--macot-91358.europe-west4.hosted.app","managedResources":[{"runService":{"service":"projects/332971064767/locations/europe-west4/services/macot-backend"}}],"uid":"4d705996-618c-4fef-a995-a2a1afd242b1","etag":"Ov9NNzKs4ppJBt0cqV4ZJZRrhn9Vw8mW9Zpn32LvN7c","reconciling":false,"servingLocality":"GLOBAL_ACCESS","serviceAccount":"firebase-app-hosting-compute@macot-91358.iam.gserviceaccount.com","appId":"1:332971064767:web:c9ec514ed241523bda750a"}]}
[info] i  apphosting: Found backend(s) macot-backend, macot-backend 
[debug] [2025-10-22T22:44:52.233Z] Checked if tokens are valid: true, expires at: 1761176682780
[debug] [2025-10-22T22:44:52.234Z] Checked if tokens are valid: true, expires at: 1761176682780
[debug] [2025-10-22T22:44:52.234Z] >>> [apiv2][query] GET https://firebaserules.googleapis.com/v1/projects/macot-91358/releases pageSize=10&pageToken=
[debug] [2025-10-22T22:44:53.095Z] <<< [apiv2][status] GET https://firebaserules.googleapis.com/v1/projects/macot-91358/releases 200
[debug] [2025-10-22T22:44:53.095Z] <<< [apiv2][body] GET https://firebaserules.googleapis.com/v1/projects/macot-91358/releases {"releases":[{"name":"projects/macot-91358/releases/firebase.storage/macot-91358.firebasestorage.app","rulesetName":"projects/macot-91358/rulesets/0fd3a2e6-d3fe-4420-8073-66fd76d5acbf","createTime":"2025-10-21T14:08:33.553446Z","updateTime":"2025-10-22T15:51:19.455176Z"}]}
[debug] [2025-10-22T22:44:53.095Z] Checked if tokens are valid: true, expires at: 1761176682780
[debug] [2025-10-22T22:44:53.095Z] Checked if tokens are valid: true, expires at: 1761176682780
[debug] [2025-10-22T22:44:53.096Z] >>> [apiv2][query] GET https://firebaserules.googleapis.com/v1/projects/macot-91358/rulesets/0fd3a2e6-d3fe-4420-8073-66fd76d5acbf [none]
[debug] [2025-10-22T22:44:53.802Z] <<< [apiv2][status] GET https://firebaserules.googleapis.com/v1/projects/macot-91358/rulesets/0fd3a2e6-d3fe-4420-8073-66fd76d5acbf 200
[debug] [2025-10-22T22:44:53.802Z] <<< [apiv2][body] GET https://firebaserules.googleapis.com/v1/projects/macot-91358/rulesets/0fd3a2e6-d3fe-4420-8073-66fd76d5acbf [omitted]
[info] i  storage: latest version of storage.rules already up to date, skipping upload... 
[info] i  hosting[macot-91358]: beginning deploy... 
[info] i  hosting[macot-91358]: found 13 files in dist 
[debug] [2025-10-22T22:44:53.820Z] [hosting] uploading with 200 concurrency
[debug] [2025-10-22T22:44:54.001Z] Checked if tokens are valid: true, expires at: 1761176682780
[debug] [2025-10-22T22:44:54.001Z] Checked if tokens are valid: true, expires at: 1761176682780
[debug] [2025-10-22T22:44:54.001Z] [hosting] hash cache [ZGlzdA] stored for 13 files
[debug] [2025-10-22T22:44:54.002Z] [hosting][hash queue][FINAL] {"max":175,"min":7,"avg":21.76923076923077,"active":0,"complete":13,"success":13,"errored":0,"retried":0,"total":13,"elapsed":178}
[debug] [2025-10-22T22:44:54.002Z] >>> [apiv2][query] POST https://firebasehosting.googleapis.com/v1beta1/projects/332971064767/sites/macot-91358/versions/1f994d8e8bb6c430:populateFiles [none]
[debug] [2025-10-22T22:44:54.002Z] >>> [apiv2][body] POST https://firebasehosting.googleapis.com/v1beta1/projects/332971064767/sites/macot-91358/versions/1f994d8e8bb6c430:populateFiles {"files":{"/index.html":"c2e8f9b7edb0eecbf30d3a07180fa67edceeec85b061a2d4fba6fce2a3bc8961","/favicon.ico":"7a1a72943a1b2d7ed41d75574715a454ac9bfb21b636100c59ccd713ca3e86e1","/js/product.89d14bc4.js":"570ce5bed2f9719fe9783054217da261b0770c06edbd18ac57816dee4f6f4e10","/js/product.89d14bc4.js.map":"bce48393a9b7102635370991c566bb49bfa1d0774287c7a005b66e2a43a9c660","/js/about.e1075e39.js.map":"5cd022003eb16a267b9a53969420a7ab6505123fa42a970aed8a75a6e035eab8","/js/about.e1075e39.js":"161d02b16b3a7971d468a5cad8472c13b28d4da31e9c197f47d21ea991ed7b99","/css/product.652b5537.css":"2a33a37316fe26d866bc293ab3253c667069c2f98804c9345ccae85de2588885","/js/app.205c8015.js":"d2f1673442ac1361cb2b6620df0f60a8ad4324e9ab44f2504e15c685af59a094","/css/app.883f7663.css":"ad84e21a40458e32b5ed5f5df7bd6bcc92779a5df21bb4da6faa65f05786d449","/css/about.f46f0986.css":"49c3d8f072661e772bb715cce51cea1fb2d38e335c475bc307bd612cc1a6b94a","/js/app.205c8015.js.map":"dc735c563e89e7f1c55422f9b33a176190f6a092ffa0614bb98f7afa34308976","/js/chunk-vendors.03a3fc3e.js":"0f47a72b97f215fc7a825810811fc066aae0218820bbf63bb258469e5a07b4db","/js/chunk-vendors.03a3fc3e.js.map":"e97e7aede7839436729b57dd6cc811d8c2014a578a997aeb484447a87f32ffc6"}}
[debug] [2025-10-22T22:44:54.963Z] <<< [apiv2][status] POST https://firebasehosting.googleapis.com/v1beta1/projects/332971064767/sites/macot-91358/versions/1f994d8e8bb6c430:populateFiles 200
[debug] [2025-10-22T22:44:54.963Z] <<< [apiv2][body] POST https://firebasehosting.googleapis.com/v1beta1/projects/332971064767/sites/macot-91358/versions/1f994d8e8bb6c430:populateFiles {"uploadRequiredHashes":["49c3d8f072661e772bb715cce51cea1fb2d38e335c475bc307bd612cc1a6b94a","bce48393a9b7102635370991c566bb49bfa1d0774287c7a005b66e2a43a9c660","dc735c563e89e7f1c55422f9b33a176190f6a092ffa0614bb98f7afa34308976","d2f1673442ac1361cb2b6620df0f60a8ad4324e9ab44f2504e15c685af59a094","c2e8f9b7edb0eecbf30d3a07180fa67edceeec85b061a2d4fba6fce2a3bc8961","ad84e21a40458e32b5ed5f5df7bd6bcc92779a5df21bb4da6faa65f05786d449","e97e7aede7839436729b57dd6cc811d8c2014a578a997aeb484447a87f32ffc6","570ce5bed2f9719fe9783054217da261b0770c06edbd18ac57816dee4f6f4e10","5cd022003eb16a267b9a53969420a7ab6505123fa42a970aed8a75a6e035eab8","2a33a37316fe26d866bc293ab3253c667069c2f98804c9345ccae85de2588885","0f47a72b97f215fc7a825810811fc066aae0218820bbf63bb258469e5a07b4db","161d02b16b3a7971d468a5cad8472c13b28d4da31e9c197f47d21ea991ed7b99"],"uploadUrl":"https://upload-firebasehosting.googleapis.com/upload/sites/macot-91358/versions/1f994d8e8bb6c430/files"}
[debug] [2025-10-22T22:44:54.964Z] Checked if tokens are valid: true, expires at: 1761176682780
[debug] [2025-10-22T22:44:54.964Z] Checked if tokens are valid: true, expires at: 1761176682780
[debug] [2025-10-22T22:44:54.964Z] Checked if tokens are valid: true, expires at: 1761176682780
[debug] [2025-10-22T22:44:54.964Z] Checked if tokens are valid: true, expires at: 1761176682780
[debug] [2025-10-22T22:44:54.965Z] Checked if tokens are valid: true, expires at: 1761176682780
[debug] [2025-10-22T22:44:54.965Z] Checked if tokens are valid: true, expires at: 1761176682780
[debug] [2025-10-22T22:44:54.965Z] Checked if tokens are valid: true, expires at: 1761176682780
[debug] [2025-10-22T22:44:54.965Z] Checked if tokens are valid: true, expires at: 1761176682780
[debug] [2025-10-22T22:44:54.965Z] Checked if tokens are valid: true, expires at: 1761176682780
[debug] [2025-10-22T22:44:54.965Z] Checked if tokens are valid: true, expires at: 1761176682780
[debug] [2025-10-22T22:44:54.965Z] Checked if tokens are valid: true, expires at: 1761176682780
[debug] [2025-10-22T22:44:54.965Z] Checked if tokens are valid: true, expires at: 1761176682780
[debug] [2025-10-22T22:44:54.965Z] Checked if tokens are valid: true, expires at: 1761176682780
[debug] [2025-10-22T22:44:54.965Z] Checked if tokens are valid: true, expires at: 1761176682780
[debug] [2025-10-22T22:44:54.966Z] Checked if tokens are valid: true, expires at: 1761176682780
[debug] [2025-10-22T22:44:54.966Z] Checked if tokens are valid: true, expires at: 1761176682780
[debug] [2025-10-22T22:44:54.966Z] Checked if tokens are valid: true, expires at: 1761176682780
[debug] [2025-10-22T22:44:54.966Z] Checked if tokens are valid: true, expires at: 1761176682780
[debug] [2025-10-22T22:44:54.966Z] Checked if tokens are valid: true, expires at: 1761176682780
[debug] [2025-10-22T22:44:54.966Z] Checked if tokens are valid: true, expires at: 1761176682780
[debug] [2025-10-22T22:44:54.966Z] Checked if tokens are valid: true, expires at: 1761176682780
[debug] [2025-10-22T22:44:54.966Z] Checked if tokens are valid: true, expires at: 1761176682780
[debug] [2025-10-22T22:44:54.966Z] Checked if tokens are valid: true, expires at: 1761176682780
[debug] [2025-10-22T22:44:54.966Z] Checked if tokens are valid: true, expires at: 1761176682780
[debug] [2025-10-22T22:44:54.966Z] >>> [apiv2][query] POST https://upload-firebasehosting.googleapis.com/upload/sites/macot-91358/versions/1f994d8e8bb6c430/files/49c3d8f072661e772bb715cce51cea1fb2d38e335c475bc307bd612cc1a6b94a [none]
[debug] [2025-10-22T22:44:54.966Z] >>> [apiv2][body] POST https://upload-firebasehosting.googleapis.com/upload/sites/macot-91358/versions/1f994d8e8bb6c430/files/49c3d8f072661e772bb715cce51cea1fb2d38e335c475bc307bd612cc1a6b94a [stream]
[debug] [2025-10-22T22:44:54.968Z] >>> [apiv2][query] POST https://upload-firebasehosting.googleapis.com/upload/sites/macot-91358/versions/1f994d8e8bb6c430/files/bce48393a9b7102635370991c566bb49bfa1d0774287c7a005b66e2a43a9c660 [none]
[debug] [2025-10-22T22:44:54.968Z] >>> [apiv2][body] POST https://upload-firebasehosting.googleapis.com/upload/sites/macot-91358/versions/1f994d8e8bb6c430/files/bce48393a9b7102635370991c566bb49bfa1d0774287c7a005b66e2a43a9c660 [stream]
[debug] [2025-10-22T22:44:54.969Z] >>> [apiv2][query] POST https://upload-firebasehosting.googleapis.com/upload/sites/macot-91358/versions/1f994d8e8bb6c430/files/dc735c563e89e7f1c55422f9b33a176190f6a092ffa0614bb98f7afa34308976 [none]
[debug] [2025-10-22T22:44:54.969Z] >>> [apiv2][body] POST https://upload-firebasehosting.googleapis.com/upload/sites/macot-91358/versions/1f994d8e8bb6c430/files/dc735c563e89e7f1c55422f9b33a176190f6a092ffa0614bb98f7afa34308976 [stream]
[debug] [2025-10-22T22:44:54.970Z] >>> [apiv2][query] POST https://upload-firebasehosting.googleapis.com/upload/sites/macot-91358/versions/1f994d8e8bb6c430/files/d2f1673442ac1361cb2b6620df0f60a8ad4324e9ab44f2504e15c685af59a094 [none]
[debug] [2025-10-22T22:44:54.970Z] >>> [apiv2][body] POST https://upload-firebasehosting.googleapis.com/upload/sites/macot-91358/versions/1f994d8e8bb6c430/files/d2f1673442ac1361cb2b6620df0f60a8ad4324e9ab44f2504e15c685af59a094 [stream]
[debug] [2025-10-22T22:44:54.971Z] >>> [apiv2][query] POST https://upload-firebasehosting.googleapis.com/upload/sites/macot-91358/versions/1f994d8e8bb6c430/files/c2e8f9b7edb0eecbf30d3a07180fa67edceeec85b061a2d4fba6fce2a3bc8961 [none]
[debug] [2025-10-22T22:44:54.971Z] >>> [apiv2][body] POST https://upload-firebasehosting.googleapis.com/upload/sites/macot-91358/versions/1f994d8e8bb6c430/files/c2e8f9b7edb0eecbf30d3a07180fa67edceeec85b061a2d4fba6fce2a3bc8961 [stream]
[debug] [2025-10-22T22:44:54.972Z] >>> [apiv2][query] POST https://upload-firebasehosting.googleapis.com/upload/sites/macot-91358/versions/1f994d8e8bb6c430/files/ad84e21a40458e32b5ed5f5df7bd6bcc92779a5df21bb4da6faa65f05786d449 [none]
[debug] [2025-10-22T22:44:54.972Z] >>> [apiv2][body] POST https://upload-firebasehosting.googleapis.com/upload/sites/macot-91358/versions/1f994d8e8bb6c430/files/ad84e21a40458e32b5ed5f5df7bd6bcc92779a5df21bb4da6faa65f05786d449 [stream]
[debug] [2025-10-22T22:44:54.973Z] >>> [apiv2][query] POST https://upload-firebasehosting.googleapis.com/upload/sites/macot-91358/versions/1f994d8e8bb6c430/files/e97e7aede7839436729b57dd6cc811d8c2014a578a997aeb484447a87f32ffc6 [none]
[debug] [2025-10-22T22:44:54.973Z] >>> [apiv2][body] POST https://upload-firebasehosting.googleapis.com/upload/sites/macot-91358/versions/1f994d8e8bb6c430/files/e97e7aede7839436729b57dd6cc811d8c2014a578a997aeb484447a87f32ffc6 [stream]
[debug] [2025-10-22T22:44:54.974Z] >>> [apiv2][query] POST https://upload-firebasehosting.googleapis.com/upload/sites/macot-91358/versions/1f994d8e8bb6c430/files/570ce5bed2f9719fe9783054217da261b0770c06edbd18ac57816dee4f6f4e10 [none]
[debug] [2025-10-22T22:44:54.974Z] >>> [apiv2][body] POST https://upload-firebasehosting.googleapis.com/upload/sites/macot-91358/versions/1f994d8e8bb6c430/files/570ce5bed2f9719fe9783054217da261b0770c06edbd18ac57816dee4f6f4e10 [stream]
[debug] [2025-10-22T22:44:54.975Z] >>> [apiv2][query] POST https://upload-firebasehosting.googleapis.com/upload/sites/macot-91358/versions/1f994d8e8bb6c430/files/5cd022003eb16a267b9a53969420a7ab6505123fa42a970aed8a75a6e035eab8 [none]
[debug] [2025-10-22T22:44:54.975Z] >>> [apiv2][body] POST https://upload-firebasehosting.googleapis.com/upload/sites/macot-91358/versions/1f994d8e8bb6c430/files/5cd022003eb16a267b9a53969420a7ab6505123fa42a970aed8a75a6e035eab8 [stream]
[debug] [2025-10-22T22:44:54.976Z] >>> [apiv2][query] POST https://upload-firebasehosting.googleapis.com/upload/sites/macot-91358/versions/1f994d8e8bb6c430/files/2a33a37316fe26d866bc293ab3253c667069c2f98804c9345ccae85de2588885 [none]
[debug] [2025-10-22T22:44:54.976Z] >>> [apiv2][body] POST https://upload-firebasehosting.googleapis.com/upload/sites/macot-91358/versions/1f994d8e8bb6c430/files/2a33a37316fe26d866bc293ab3253c667069c2f98804c9345ccae85de2588885 [stream]
[debug] [2025-10-22T22:44:54.977Z] >>> [apiv2][query] POST https://upload-firebasehosting.googleapis.com/upload/sites/macot-91358/versions/1f994d8e8bb6c430/files/0f47a72b97f215fc7a825810811fc066aae0218820bbf63bb258469e5a07b4db [none]
[debug] [2025-10-22T22:44:54.977Z] >>> [apiv2][body] POST https://upload-firebasehosting.googleapis.com/upload/sites/macot-91358/versions/1f994d8e8bb6c430/files/0f47a72b97f215fc7a825810811fc066aae0218820bbf63bb258469e5a07b4db [stream]
[debug] [2025-10-22T22:44:54.978Z] >>> [apiv2][query] POST https://upload-firebasehosting.googleapis.com/upload/sites/macot-91358/versions/1f994d8e8bb6c430/files/161d02b16b3a7971d468a5cad8472c13b28d4da31e9c197f47d21ea991ed7b99 [none]
[debug] [2025-10-22T22:44:54.978Z] >>> [apiv2][body] POST https://upload-firebasehosting.googleapis.com/upload/sites/macot-91358/versions/1f994d8e8bb6c430/files/161d02b16b3a7971d468a5cad8472c13b28d4da31e9c197f47d21ea991ed7b99 [stream]
[debug] [2025-10-22T22:44:54.979Z] [hosting][populate queue][FINAL] {"max":965,"min":965,"avg":965,"active":0,"complete":1,"success":1,"errored":0,"retried":0,"total":1,"elapsed":979}
[debug] [2025-10-22T22:44:54.979Z] [hosting] uploads queued: 12
[debug] [2025-10-22T22:44:56.250Z] <<< [apiv2][status] POST https://upload-firebasehosting.googleapis.com/upload/sites/macot-91358/versions/1f994d8e8bb6c430/files/161d02b16b3a7971d468a5cad8472c13b28d4da31e9c197f47d21ea991ed7b99 200
[debug] [2025-10-22T22:44:56.250Z] <<< [apiv2][body] POST https://upload-firebasehosting.googleapis.com/upload/sites/macot-91358/versions/1f994d8e8bb6c430/files/161d02b16b3a7971d468a5cad8472c13b28d4da31e9c197f47d21ea991ed7b99 [stream]
[debug] [2025-10-22T22:44:56.251Z] <<< [apiv2][status] POST https://upload-firebasehosting.googleapis.com/upload/sites/macot-91358/versions/1f994d8e8bb6c430/files/2a33a37316fe26d866bc293ab3253c667069c2f98804c9345ccae85de2588885 200
[debug] [2025-10-22T22:44:56.251Z] <<< [apiv2][body] POST https://upload-firebasehosting.googleapis.com/upload/sites/macot-91358/versions/1f994d8e8bb6c430/files/2a33a37316fe26d866bc293ab3253c667069c2f98804c9345ccae85de2588885 [stream]
[debug] [2025-10-22T22:44:56.252Z] <<< [apiv2][status] POST https://upload-firebasehosting.googleapis.com/upload/sites/macot-91358/versions/1f994d8e8bb6c430/files/c2e8f9b7edb0eecbf30d3a07180fa67edceeec85b061a2d4fba6fce2a3bc8961 200
[debug] [2025-10-22T22:44:56.252Z] <<< [apiv2][body] POST https://upload-firebasehosting.googleapis.com/upload/sites/macot-91358/versions/1f994d8e8bb6c430/files/c2e8f9b7edb0eecbf30d3a07180fa67edceeec85b061a2d4fba6fce2a3bc8961 [stream]
[debug] [2025-10-22T22:44:56.270Z] <<< [apiv2][status] POST https://upload-firebasehosting.googleapis.com/upload/sites/macot-91358/versions/1f994d8e8bb6c430/files/5cd022003eb16a267b9a53969420a7ab6505123fa42a970aed8a75a6e035eab8 200
[debug] [2025-10-22T22:44:56.271Z] <<< [apiv2][body] POST https://upload-firebasehosting.googleapis.com/upload/sites/macot-91358/versions/1f994d8e8bb6c430/files/5cd022003eb16a267b9a53969420a7ab6505123fa42a970aed8a75a6e035eab8 [stream]
[debug] [2025-10-22T22:44:56.271Z] <<< [apiv2][status] POST https://upload-firebasehosting.googleapis.com/upload/sites/macot-91358/versions/1f994d8e8bb6c430/files/d2f1673442ac1361cb2b6620df0f60a8ad4324e9ab44f2504e15c685af59a094 200
[debug] [2025-10-22T22:44:56.271Z] <<< [apiv2][body] POST https://upload-firebasehosting.googleapis.com/upload/sites/macot-91358/versions/1f994d8e8bb6c430/files/d2f1673442ac1361cb2b6620df0f60a8ad4324e9ab44f2504e15c685af59a094 [stream]
[debug] [2025-10-22T22:44:56.353Z] <<< [apiv2][status] POST https://upload-firebasehosting.googleapis.com/upload/sites/macot-91358/versions/1f994d8e8bb6c430/files/dc735c563e89e7f1c55422f9b33a176190f6a092ffa0614bb98f7afa34308976 200
[debug] [2025-10-22T22:44:56.354Z] <<< [apiv2][body] POST https://upload-firebasehosting.googleapis.com/upload/sites/macot-91358/versions/1f994d8e8bb6c430/files/dc735c563e89e7f1c55422f9b33a176190f6a092ffa0614bb98f7afa34308976 [stream]
[debug] [2025-10-22T22:44:56.369Z] <<< [apiv2][status] POST https://upload-firebasehosting.googleapis.com/upload/sites/macot-91358/versions/1f994d8e8bb6c430/files/0f47a72b97f215fc7a825810811fc066aae0218820bbf63bb258469e5a07b4db 200
[debug] [2025-10-22T22:44:56.370Z] <<< [apiv2][body] POST https://upload-firebasehosting.googleapis.com/upload/sites/macot-91358/versions/1f994d8e8bb6c430/files/0f47a72b97f215fc7a825810811fc066aae0218820bbf63bb258469e5a07b4db [stream]
[debug] [2025-10-22T22:44:56.470Z] <<< [apiv2][status] POST https://upload-firebasehosting.googleapis.com/upload/sites/macot-91358/versions/1f994d8e8bb6c430/files/49c3d8f072661e772bb715cce51cea1fb2d38e335c475bc307bd612cc1a6b94a 200
[debug] [2025-10-22T22:44:56.470Z] <<< [apiv2][body] POST https://upload-firebasehosting.googleapis.com/upload/sites/macot-91358/versions/1f994d8e8bb6c430/files/49c3d8f072661e772bb715cce51cea1fb2d38e335c475bc307bd612cc1a6b94a [stream]
[debug] [2025-10-22T22:44:56.471Z] <<< [apiv2][status] POST https://upload-firebasehosting.googleapis.com/upload/sites/macot-91358/versions/1f994d8e8bb6c430/files/bce48393a9b7102635370991c566bb49bfa1d0774287c7a005b66e2a43a9c660 200
[debug] [2025-10-22T22:44:56.471Z] <<< [apiv2][body] POST https://upload-firebasehosting.googleapis.com/upload/sites/macot-91358/versions/1f994d8e8bb6c430/files/bce48393a9b7102635370991c566bb49bfa1d0774287c7a005b66e2a43a9c660 [stream]
[debug] [2025-10-22T22:44:56.730Z] <<< [apiv2][status] POST https://upload-firebasehosting.googleapis.com/upload/sites/macot-91358/versions/1f994d8e8bb6c430/files/570ce5bed2f9719fe9783054217da261b0770c06edbd18ac57816dee4f6f4e10 200
[debug] [2025-10-22T22:44:56.730Z] <<< [apiv2][body] POST https://upload-firebasehosting.googleapis.com/upload/sites/macot-91358/versions/1f994d8e8bb6c430/files/570ce5bed2f9719fe9783054217da261b0770c06edbd18ac57816dee4f6f4e10 [stream]
[debug] [2025-10-22T22:44:57.018Z] <<< [apiv2][status] POST https://upload-firebasehosting.googleapis.com/upload/sites/macot-91358/versions/1f994d8e8bb6c430/files/ad84e21a40458e32b5ed5f5df7bd6bcc92779a5df21bb4da6faa65f05786d449 200
[debug] [2025-10-22T22:44:57.018Z] <<< [apiv2][body] POST https://upload-firebasehosting.googleapis.com/upload/sites/macot-91358/versions/1f994d8e8bb6c430/files/ad84e21a40458e32b5ed5f5df7bd6bcc92779a5df21bb4da6faa65f05786d449 [stream]
[debug] [2025-10-22T22:44:57.036Z] <<< [apiv2][status] POST https://upload-firebasehosting.googleapis.com/upload/sites/macot-91358/versions/1f994d8e8bb6c430/files/e97e7aede7839436729b57dd6cc811d8c2014a578a997aeb484447a87f32ffc6 200
[debug] [2025-10-22T22:44:57.036Z] <<< [apiv2][body] POST https://upload-firebasehosting.googleapis.com/upload/sites/macot-91358/versions/1f994d8e8bb6c430/files/e97e7aede7839436729b57dd6cc811d8c2014a578a997aeb484447a87f32ffc6 [stream]
[debug] [2025-10-22T22:44:57.036Z] [hosting][upload queue][FINAL] {"max":2071,"min":1285,"avg":1513.5,"active":0,"complete":12,"success":12,"errored":0,"retried":0,"total":12,"elapsed":2072}
[info] ✔  hosting[macot-91358]: file upload complete 
[debug] [2025-10-22T22:44:57.037Z] [hosting] deploy completed after 3231ms
[debug] [2025-10-22T22:44:57.038Z] Checked if tokens are valid: true, expires at: 1761176682780
[debug] [2025-10-22T22:44:57.038Z] Checked if tokens are valid: true, expires at: 1761176682780
[debug] [2025-10-22T22:44:57.038Z] >>> [apiv2][query] GET https://cloudresourcemanager.googleapis.com/v1/projects/macot-91358 [none]
[debug] [2025-10-22T22:44:57.908Z] <<< [apiv2][status] GET https://cloudresourcemanager.googleapis.com/v1/projects/macot-91358 200
[debug] [2025-10-22T22:44:57.908Z] <<< [apiv2][body] GET https://cloudresourcemanager.googleapis.com/v1/projects/macot-91358 {"projectNumber":"332971064767","projectId":"macot-91358","lifecycleState":"ACTIVE","name":"maCot","labels":{"firebase":"enabled","firebase-core":"disabled"},"createTime":"2025-10-21T13:22:36.072085Z"}
[debug] [2025-10-22T22:44:57.909Z] Checked if tokens are valid: true, expires at: 1761176682780
[debug] [2025-10-22T22:44:57.909Z] Checked if tokens are valid: true, expires at: 1761176682780
[debug] [2025-10-22T22:44:57.909Z] >>> [apiv2][query] GET https://storage.googleapis.com/storage/v1/b?project=macot-91358 
[debug] [2025-10-22T22:44:58.394Z] <<< [apiv2][status] GET https://storage.googleapis.com/storage/v1/b?project=macot-91358 200
[debug] [2025-10-22T22:44:58.394Z] <<< [apiv2][body] GET https://storage.googleapis.com/storage/v1/b?project=macot-91358 {"kind":"storage#buckets","items":[{"kind":"storage#bucket","selfLink":"https://www.googleapis.com/storage/v1/b/firebaseapphosting-sources-332971064767-europe-west4","id":"firebaseapphosting-sources-332971064767-europe-west4","name":"firebaseapphosting-sources-332971064767-europe-west4","projectNumber":"332971064767","generation":"1761055751226156633","metageneration":"1","location":"EUROPE-WEST4","storageClass":"STANDARD","etag":"CAE=","timeCreated":"2025-10-21T14:09:11.669Z","updated":"2025-10-21T14:09:11.669Z","lifecycle":{"rule":[{"action":{"type":"Delete"},"condition":{"age":30}}]},"labels":{"apphosting-source-europe-west4":"true"},"softDeletePolicy":{"retentionDurationSeconds":"604800","effectiveTime":"2025-10-21T14:09:11.669Z"},"iamConfiguration":{"bucketPolicyOnly":{"enabled":false},"uniformBucketLevelAccess":{"enabled":false},"publicAccessPrevention":"inherited"},"locationType":"region","satisfiesPZI":true},{"kind":"storage#bucket","selfLink":"https://www.googleapis.com/storage/v1/b/macot-91358.firebasestorage.app","id":"macot-91358.firebasestorage.app","name":"macot-91358.firebasestorage.app","projectNumber":"332971064767","generation":"1761055706666525710","metageneration":"1","location":"US-EAST1","storageClass":"REGIONAL","etag":"CAE=","timeCreated":"2025-10-21T14:08:26.856Z","updated":"2025-10-21T14:08:26.856Z","softDeletePolicy":{"retentionDurationSeconds":"604800","effectiveTime":"2025-10-21T14:08:26.856Z"},"iamConfiguration":{"bucketPolicyOnly":{"enabled":false},"uniformBucketLevelAccess":{"enabled":false},"publicAccessPrevention":"inherited"},"locationType":"region","satisfiesPZI":true}]}
[info] i  apphosting: Zipped source for backend macot-backend 
[info] i  apphosting: Uploading source for backend macot-backend... 
[debug] [2025-10-22T22:44:58.473Z] Checked if tokens are valid: true, expires at: 1761176682780
[debug] [2025-10-22T22:44:58.473Z] Checked if tokens are valid: true, expires at: 1761176682780
[debug] [2025-10-22T22:44:58.474Z] >>> [apiv2][query] PUT https://storage.googleapis.com/firebaseapphosting-sources-332971064767-europe-west4/macot-backend--21001-fF4zS90fSy5W-.zip [none]
[debug] [2025-10-22T22:44:58.474Z] >>> [apiv2][body] PUT https://storage.googleapis.com/firebaseapphosting-sources-332971064767-europe-west4/macot-backend--21001-fF4zS90fSy5W-.zip [stream]
[debug] [2025-10-22T22:44:58.711Z] <<< [apiv2][status] PUT https://storage.googleapis.com/firebaseapphosting-sources-332971064767-europe-west4/macot-backend--21001-fF4zS90fSy5W-.zip 200
[debug] [2025-10-22T22:44:58.711Z] <<< [apiv2][body] PUT https://storage.googleapis.com/firebaseapphosting-sources-332971064767-europe-west4/macot-backend--21001-fF4zS90fSy5W-.zip undefined
[info] i  apphosting: Uploaded at gs://firebaseapphosting-sources-332971064767-europe-west4/macot-backend--21001-fF4zS90fSy5W-.zip 
[debug] [2025-10-22T22:44:58.712Z] [rules] releasing firebase.storage/macot-91358.firebasestorage.app with ruleset projects/macot-91358/rulesets/0fd3a2e6-d3fe-4420-8073-66fd76d5acbf
[debug] [2025-10-22T22:44:58.712Z] Checked if tokens are valid: true, expires at: 1761176682780
[debug] [2025-10-22T22:44:58.712Z] Checked if tokens are valid: true, expires at: 1761176682780
[debug] [2025-10-22T22:44:58.712Z] >>> [apiv2][query] PATCH https://firebaserules.googleapis.com/v1/projects/macot-91358/releases/firebase.storage/macot-91358.firebasestorage.app [none]
[debug] [2025-10-22T22:44:58.713Z] >>> [apiv2][body] PATCH https://firebaserules.googleapis.com/v1/projects/macot-91358/releases/firebase.storage/macot-91358.firebasestorage.app {"release":{"name":"projects/macot-91358/releases/firebase.storage/macot-91358.firebasestorage.app","rulesetName":"projects/macot-91358/rulesets/0fd3a2e6-d3fe-4420-8073-66fd76d5acbf"}}
[debug] [2025-10-22T22:44:59.100Z] <<< [apiv2][status] PATCH https://firebaserules.googleapis.com/v1/projects/macot-91358/releases/firebase.storage/macot-91358.firebasestorage.app 200
[debug] [2025-10-22T22:44:59.100Z] <<< [apiv2][body] PATCH https://firebaserules.googleapis.com/v1/projects/macot-91358/releases/firebase.storage/macot-91358.firebasestorage.app {"name":"projects/macot-91358/releases/firebase.storage/macot-91358.firebasestorage.app","rulesetName":"projects/macot-91358/rulesets/0fd3a2e6-d3fe-4420-8073-66fd76d5acbf","createTime":"2025-10-21T14:08:33.553446Z","updateTime":"2025-10-22T22:44:59.136455Z"}
[debug] [2025-10-22T22:44:59.100Z] [rules] updated release projects/macot-91358/releases/firebase.storage/macot-91358.firebasestorage.app
[info] ✔  storage: released rules storage.rules to firebase.storage 
[debug] [2025-10-22T22:44:59.100Z] [
  {
    "config": {
      "public": "dist",
      "ignore": [
        "firebase.json",
        "**/.*",
        "**/node_modules/**"
      ],
      "rewrites": [
        {
          "source": "**",
          "destination": "/index.html"
        }
      ],
      "site": "macot-91358"
    },
    "version": "projects/332971064767/sites/macot-91358/versions/1f994d8e8bb6c430"
  }
]
[info] i  hosting[macot-91358]: finalizing version... 
[debug] [2025-10-22T22:44:59.103Z] Checked if tokens are valid: true, expires at: 1761176682780
[debug] [2025-10-22T22:44:59.103Z] Checked if tokens are valid: true, expires at: 1761176682780
[debug] [2025-10-22T22:44:59.103Z] >>> [apiv2][query] PATCH https://firebasehosting.googleapis.com/v1beta1/projects/-/sites/macot-91358/versions/1f994d8e8bb6c430 updateMask=status%2Cconfig
[debug] [2025-10-22T22:44:59.103Z] >>> [apiv2][body] PATCH https://firebasehosting.googleapis.com/v1beta1/projects/-/sites/macot-91358/versions/1f994d8e8bb6c430 {"status":"FINALIZED","config":{"rewrites":[{"glob":"**","path":"/index.html"}]}}
[debug] [2025-10-22T22:44:59.945Z] <<< [apiv2][status] PATCH https://firebasehosting.googleapis.com/v1beta1/projects/-/sites/macot-91358/versions/1f994d8e8bb6c430 200
[debug] [2025-10-22T22:44:59.945Z] <<< [apiv2][body] PATCH https://firebasehosting.googleapis.com/v1beta1/projects/-/sites/macot-91358/versions/1f994d8e8bb6c430 {"name":"projects/332971064767/sites/macot-91358/versions/1f994d8e8bb6c430","status":"FINALIZED","config":{"rewrites":[{"glob":"**","path":"/index.html"}]},"labels":{"deployment-tool":"cli-firebase"},"createTime":"2025-10-22T22:44:47.946001Z","createUser":{"email":"kiszka.adrian@gmail.com"},"finalizeTime":"2025-10-22T22:44:59.985597Z","finalizeUser":{"email":"kiszka.adrian@gmail.com"}}
[debug] [2025-10-22T22:44:59.945Z] [hosting] finalized version for macot-91358:[object Object]
[info] ✔  hosting[macot-91358]: version finalized 
[info] i  hosting[macot-91358]: releasing new version... 
[debug] [2025-10-22T22:44:59.946Z] Checked if tokens are valid: true, expires at: 1761176682780
[debug] [2025-10-22T22:44:59.946Z] Checked if tokens are valid: true, expires at: 1761176682780
[debug] [2025-10-22T22:44:59.946Z] >>> [apiv2][query] POST https://firebasehosting.googleapis.com/v1beta1/projects/-/sites/macot-91358/channels/live/releases versionName=projects%2F332971064767%2Fsites%2Fmacot-91358%2Fversions%2F1f994d8e8bb6c430
[debug] [2025-10-22T22:44:59.946Z] >>> [apiv2][body] POST https://firebasehosting.googleapis.com/v1beta1/projects/-/sites/macot-91358/channels/live/releases {}
[debug] [2025-10-22T22:45:00.284Z] <<< [apiv2][status] POST https://firebasehosting.googleapis.com/v1beta1/projects/-/sites/macot-91358/channels/live/releases 200
[debug] [2025-10-22T22:45:00.284Z] <<< [apiv2][body] POST https://firebasehosting.googleapis.com/v1beta1/projects/-/sites/macot-91358/channels/live/releases {"name":"projects/332971064767/sites/macot-91358/channels/live/releases/1761173099784000","version":{"name":"projects/332971064767/sites/macot-91358/versions/1f994d8e8bb6c430","status":"FINALIZED","config":{"rewrites":[{"glob":"**","path":"/index.html"}]},"labels":{"deployment-tool":"cli-firebase"},"createTime":"2025-10-22T22:44:47.946001Z","createUser":{"email":"kiszka.adrian@gmail.com","imageUrl":"https://lh3.googleusercontent.com/a/ACg8ocJdpB3ERBkQ8ANzVI9N8fCUID7CnGC5faqCzPqyitr5e6ffKws=mo"},"finalizeTime":"2025-10-22T22:44:59.985597Z","finalizeUser":{"email":"kiszka.adrian@gmail.com","imageUrl":"https://lh3.googleusercontent.com/a/ACg8ocJdpB3ERBkQ8ANzVI9N8fCUID7CnGC5faqCzPqyitr5e6ffKws=mo"}},"type":"DEPLOY","releaseTime":"2025-10-22T22:44:59.784Z","releaseUser":{"email":"kiszka.adrian@gmail.com","imageUrl":"https://lh3.googleusercontent.com/a/ACg8ocJdpB3ERBkQ8ANzVI9N8fCUID7CnGC5faqCzPqyitr5e6ffKws=mo"}}
[debug] [2025-10-22T22:45:00.284Z] [hosting] release: {"name":"projects/332971064767/sites/macot-91358/channels/live/releases/1761173099784000","version":{"name":"projects/332971064767/sites/macot-91358/versions/1f994d8e8bb6c430","status":"FINALIZED","config":{"rewrites":[{"glob":"**","path":"/index.html"}]},"labels":{"deployment-tool":"cli-firebase"},"createTime":"2025-10-22T22:44:47.946001Z","createUser":{"email":"kiszka.adrian@gmail.com","imageUrl":"https://lh3.googleusercontent.com/a/ACg8ocJdpB3ERBkQ8ANzVI9N8fCUID7CnGC5faqCzPqyitr5e6ffKws=mo"},"finalizeTime":"2025-10-22T22:44:59.985597Z","finalizeUser":{"email":"kiszka.adrian@gmail.com","imageUrl":"https://lh3.googleusercontent.com/a/ACg8ocJdpB3ERBkQ8ANzVI9N8fCUID7CnGC5faqCzPqyitr5e6ffKws=mo"}},"type":"DEPLOY","releaseTime":"2025-10-22T22:44:59.784Z","releaseUser":{"email":"kiszka.adrian@gmail.com","imageUrl":"https://lh3.googleusercontent.com/a/ACg8ocJdpB3ERBkQ8ANzVI9N8fCUID7CnGC5faqCzPqyitr5e6ffKws=mo"}}
[info] ✔  hosting[macot-91358]: release complete 
[debug] [2025-10-22T22:45:00.285Z] Checked if tokens are valid: true, expires at: 1761176682780
[debug] [2025-10-22T22:45:00.285Z] Checked if tokens are valid: true, expires at: 1761176682780
[debug] [2025-10-22T22:45:00.286Z] Checked if tokens are valid: true, expires at: 1761176682780
[debug] [2025-10-22T22:45:00.286Z] Checked if tokens are valid: true, expires at: 1761176682780
[info] i  apphosting: You may also track the rollout(s) at:
	https://console.firebase.google.com/project/macot-91358/apphosting 
[debug] [2025-10-22T22:45:00.286Z] >>> [apiv2][query] GET https://firebaseapphosting.googleapis.com/v1beta/projects/macot-91358/locations/europe-west4/backends/macot-backend/rollouts 
[debug] [2025-10-22T22:45:00.288Z] >>> [apiv2][query] GET https://firebaseapphosting.googleapis.com/v1beta/projects/macot-91358/locations/europe-west4/backends/macot-backend/builds 
[debug] [2025-10-22T22:45:00.559Z] <<< [apiv2][status] GET https://firebaseapphosting.googleapis.com/v1beta/projects/macot-91358/locations/europe-west4/backends/macot-backend/rollouts 200
[debug] [2025-10-22T22:45:00.559Z] <<< [apiv2][body] GET https://firebaseapphosting.googleapis.com/v1beta/projects/macot-91358/locations/europe-west4/backends/macot-backend/rollouts {"rollouts":[{"name":"projects/macot-91358/locations/europe-west4/backends/macot-backend/rollouts/build-2025-10-21-002","createTime":"2025-10-21T14:21:53.401465772Z","updateTime":"2025-10-21T14:24:35.420737Z","state":"FAILED","build":"projects/macot-91358/locations/europe-west4/backends/macot-backend/builds/build-2025-10-21-002","labels":{"deployment-tool":"cli-firebase"},"uid":"0f226a30-3ec0-4850-9f16-c4eab96cfbc6","etag":"t3uYZU0ZQPZShU2gB6N_FUCy2f8WluXcrIbbJ8PAioo","reconciling":false},{"name":"projects/macot-91358/locations/europe-west4/backends/macot-backend/rollouts/build-2025-10-21-003","createTime":"2025-10-21T15:03:47.075878674Z","updateTime":"2025-10-21T15:06:49.343313Z","state":"FAILED","build":"projects/macot-91358/locations/europe-west4/backends/macot-backend/builds/build-2025-10-21-003","labels":{"deployment-tool":"cli-firebase"},"uid":"8ab07594-2fdd-4cad-9e30-815bab9e6527","etag":"vRecidNn8VCT2ufDiVLItYvCLqK98MEbCN6EmF7ZI2g","reconciling":false},{"name":"projects/macot-91358/locations/europe-west4/backends/macot-backend/rollouts/build-2025-10-21-001","createTime":"2025-10-21T14:09:14.057382646Z","updateTime":"2025-10-21T14:13:37.416256Z","state":"FAILED","build":"projects/macot-91358/locations/europe-west4/backends/macot-backend/builds/build-2025-10-21-001","labels":{"deployment-tool":"cli-firebase"},"uid":"cfe5ddcd-6407-4b18-ad29-7424019d5ddd","etag":"kjsY496seTnFa-a9vsLxSlcSb_XgF8QmxUqqyMjz5SY","reconciling":false},{"name":"projects/macot-91358/locations/europe-west4/backends/macot-backend/rollouts/build-2025-10-22-001","createTime":"2025-10-22T15:49:44.675880008Z","updateTime":"2025-10-22T15:52:46.825536Z","state":"FAILED","build":"projects/macot-91358/locations/europe-west4/backends/macot-backend/builds/build-2025-10-22-001","labels":{"deployment-tool":"cli-firebase"},"uid":"692cbe9c-f16e-4785-bdae-e83aba31d996","etag":"ueKTuNiNnn787V22XyAqoMAE2HSF1sESMHG4c68Hlm4","reconciling":false}]}
[debug] [2025-10-22T22:45:00.583Z] <<< [apiv2][status] GET https://firebaseapphosting.googleapis.com/v1beta/projects/macot-91358/locations/europe-west4/backends/macot-backend/builds 200
[debug] [2025-10-22T22:45:00.583Z] <<< [apiv2][body] GET https://firebaseapphosting.googleapis.com/v1beta/projects/macot-91358/locations/europe-west4/backends/macot-backend/builds {"builds":[{"name":"projects/macot-91358/locations/europe-west4/backends/macot-backend/builds/build-2025-10-21-002","state":"FAILED","error":{"code":9,"message":"generic::failed_precondition: Revision 'macot-backend-build-2025-10-21-002' is not ready and cannot serve traffic. The user-provided container failed to start and listen on the port defined provided by the PORT=8080 environment variable within the allocated timeout. This can happen when the container port is misconfigured or if the timeout is too short. The health check timeout can be extended. Logs for this revision might contain more information.\n\nLogs URL: https://console.cloud.google.com/logs/viewer?project=macot-91358&resource=cloud_run_revision/service_name/macot-backend/revision_name/macot-backend-build-2025-10-21-002&advancedFilter=resource.type%3D%22cloud_run_revision%22%0Aresource.labels.service_name%3D%22macot-backend%22%0Aresource.labels.revision_name%3D%22macot-backend-build-2025-10-21-002%22 \nFor more troubleshooting guidance, see https://cloud.google.com/run/docs/troubleshooting#container-failed-to-start"},"image":"europe-west4-docker.pkg.dev/macot-91358/firebaseapphosting-images/macot-backend:build-2025-10-21-002","config":{"runConfig":{},"env":[{"variable":"FIREBASE_CONFIG","value":"{\"databaseURL\":\"\",\"projectId\":\"macot-91358\",\"storageBucket\":\"macot-91358.firebasestorage.app\"}","availability":["BUILD","RUNTIME"]},{"variable":"FIREBASE_WEBAPP_CONFIG","value":"{\"apiKey\":\"AIzaSyAeRuJdN50zs5_iYD-7mzy99X7twRHkgXE\",\"appId\":\"1:332971064767:web:c9ec514ed241523bda750a\",\"authDomain\":\"macot-91358.firebaseapp.com\",\"databaseURL\":\"\",\"messagingSenderId\":\"332971064767\",\"projectId\":\"macot-91358\",\"storageBucket\":\"macot-91358.firebasestorage.app\"}","availability":["BUILD"]}]},"source":{"archive":{"rootDirectory":"/","userStorageUri":"gs://firebaseapphosting-sources-332971064767-europe-west4/macot-backend--69900-yWdd4ABdeKOE-.zip"}},"buildLogsUri":"https://console.cloud.google.com/cloud-build/builds;region=europe-west4/640dfb65-f863-4e68-8cd0-e732af421790?project=332971064767","createTime":"2025-10-21T14:21:53.081089736Z","updateTime":"2025-10-21T14:24:35.002302Z","labels":{"deployment-tool":"cli-firebase"},"uid":"a4e736b3-6e51-4783-a268-cabea2ddb360","etag":"isK5i6SUHT89Hohz6-eez1dGnb5IV6uV6t5B8SQHwpQ","reconciling":false,"errorSource":"CLOUD_RUN","errors":[{"error":{"code":9,"message":"generic::failed_precondition: Revision 'macot-backend-build-2025-10-21-002' is not ready and cannot serve traffic. The user-provided container failed to start and listen on the port defined provided by the PORT=8080 environment variable within the allocated timeout. This can happen when the container port is misconfigured or if the timeout is too short. The health check timeout can be extended. Logs for this revision might contain more information.\n\nLogs URL: https://console.cloud.google.com/logs/viewer?project=macot-91358&resource=cloud_run_revision/service_name/macot-backend/revision_name/macot-backend-build-2025-10-21-002&advancedFilter=resource.type%3D%22cloud_run_revision%22%0Aresource.labels.service_name%3D%22macot-backend%22%0Aresource.labels.revision_name%3D%22macot-backend-build-2025-10-21-002%22 \nFor more troubleshooting guidance, see https://cloud.google.com/run/docs/troubleshooting#container-failed-to-start"},"errorSource":"CLOUD_RUN","cloudResource":"https://cloud.google.com/run"}]},{"name":"projects/macot-91358/locations/europe-west4/backends/macot-backend/builds/build-2025-10-21-003","state":"FAILED","error":{"code":9,"message":"generic::failed_precondition: Revision 'macot-backend-build-2025-10-21-003' is not ready and cannot serve traffic. The user-provided container failed to start and listen on the port defined provided by the PORT=8080 environment variable within the allocated timeout. This can happen when the container port is misconfigured or if the timeout is too short. The health check timeout can be extended. Logs for this revision might contain more information.\n\nLogs URL: https://console.cloud.google.com/logs/viewer?project=macot-91358&resource=cloud_run_revision/service_name/macot-backend/revision_name/macot-backend-build-2025-10-21-003&advancedFilter=resource.type%3D%22cloud_run_revision%22%0Aresource.labels.service_name%3D%22macot-backend%22%0Aresource.labels.revision_name%3D%22macot-backend-build-2025-10-21-003%22 \nFor more troubleshooting guidance, see https://cloud.google.com/run/docs/troubleshooting#container-failed-to-start"},"image":"europe-west4-docker.pkg.dev/macot-91358/firebaseapphosting-images/macot-backend:build-2025-10-21-003","config":{"runConfig":{},"env":[{"variable":"FIREBASE_CONFIG","value":"{\"databaseURL\":\"\",\"projectId\":\"macot-91358\",\"storageBucket\":\"macot-91358.firebasestorage.app\"}","availability":["BUILD","RUNTIME"]},{"variable":"FIREBASE_WEBAPP_CONFIG","value":"{\"apiKey\":\"AIzaSyAeRuJdN50zs5_iYD-7mzy99X7twRHkgXE\",\"appId\":\"1:332971064767:web:c9ec514ed241523bda750a\",\"authDomain\":\"macot-91358.firebaseapp.com\",\"databaseURL\":\"\",\"messagingSenderId\":\"332971064767\",\"projectId\":\"macot-91358\",\"storageBucket\":\"macot-91358.firebasestorage.app\"}","availability":["BUILD"]}]},"source":{"archive":{"rootDirectory":"/","userStorageUri":"gs://firebaseapphosting-sources-332971064767-europe-west4/macot-backend--75105-o0O9FUuBRSKi-.zip"}},"buildLogsUri":"https://console.cloud.google.com/cloud-build/builds;region=europe-west4/0eb50ac5-41f6-44a9-8840-44e8564c7f34?project=332971064767","createTime":"2025-10-21T15:03:46.858070600Z","updateTime":"2025-10-21T15:06:49.071422Z","labels":{"deployment-tool":"cli-firebase"},"uid":"1af0a5dc-8a60-4519-b088-a4a0c326be0e","etag":"utVnFcH4dGOgJcBU-J5vk_rgaDAuaI2DF_6TGRHxbQA","reconciling":false,"errorSource":"CLOUD_RUN","errors":[{"error":{"code":9,"message":"generic::failed_precondition: Revision 'macot-backend-build-2025-10-21-003' is not ready and cannot serve traffic. The user-provided container failed to start and listen on the port defined provided by the PORT=8080 environment variable within the allocated timeout. This can happen when the container port is misconfigured or if the timeout is too short. The health check timeout can be extended. Logs for this revision might contain more information.\n\nLogs URL: https://console.cloud.google.com/logs/viewer?project=macot-91358&resource=cloud_run_revision/service_name/macot-backend/revision_name/macot-backend-build-2025-10-21-003&advancedFilter=resource.type%3D%22cloud_run_revision%22%0Aresource.labels.service_name%3D%22macot-backend%22%0Aresource.labels.revision_name%3D%22macot-backend-build-2025-10-21-003%22 \nFor more troubleshooting guidance, see https://cloud.google.com/run/docs/troubleshooting#container-failed-to-start"},"errorSource":"CLOUD_RUN","cloudResource":"https://cloud.google.com/run"}]},{"name":"projects/macot-91358/locations/europe-west4/backends/macot-backend/builds/build-2025-10-21-001","state":"FAILED","error":{"code":9,"message":"generic::failed_precondition: Revision 'macot-backend-build-2025-10-21-001' is not ready and cannot serve traffic. The user-provided container failed to start and listen on the port defined provided by the PORT=8080 environment variable within the allocated timeout. This can happen when the container port is misconfigured or if the timeout is too short. The health check timeout can be extended. Logs for this revision might contain more information.\n\nLogs URL: https://console.cloud.google.com/logs/viewer?project=macot-91358&resource=cloud_run_revision/service_name/macot-backend/revision_name/macot-backend-build-2025-10-21-001&advancedFilter=resource.type%3D%22cloud_run_revision%22%0Aresource.labels.service_name%3D%22macot-backend%22%0Aresource.labels.revision_name%3D%22macot-backend-build-2025-10-21-001%22 \nFor more troubleshooting guidance, see https://cloud.google.com/run/docs/troubleshooting#container-failed-to-start"},"image":"europe-west4-docker.pkg.dev/macot-91358/firebaseapphosting-images/macot-backend:build-2025-10-21-001","config":{"runConfig":{},"env":[{"variable":"FIREBASE_CONFIG","value":"{\"databaseURL\":\"\",\"projectId\":\"macot-91358\",\"storageBucket\":\"macot-91358.firebasestorage.app\"}","availability":["BUILD","RUNTIME"]},{"variable":"FIREBASE_WEBAPP_CONFIG","value":"{\"apiKey\":\"AIzaSyAeRuJdN50zs5_iYD-7mzy99X7twRHkgXE\",\"appId\":\"1:332971064767:web:c9ec514ed241523bda750a\",\"authDomain\":\"macot-91358.firebaseapp.com\",\"databaseURL\":\"\",\"messagingSenderId\":\"332971064767\",\"projectId\":\"macot-91358\",\"storageBucket\":\"macot-91358.firebasestorage.app\"}","availability":["BUILD"]}]},"source":{"archive":{"rootDirectory":"/","userStorageUri":"gs://firebaseapphosting-sources-332971064767-europe-west4/macot-backend--68214-vWkScPmesZgV-.zip"}},"buildLogsUri":"https://console.cloud.google.com/cloud-build/builds;region=europe-west4/0af38abd-7267-4d83-b9cf-fd0607ba106e?project=332971064767","createTime":"2025-10-21T14:09:13.826001847Z","updateTime":"2025-10-21T14:13:37.387253Z","labels":{"deployment-tool":"cli-firebase"},"uid":"0091a796-e1d2-469e-8ebb-706825924bab","etag":"x_vdKFmU9AdVfESvM6NRknIQA2SKa3ZYKe-QdapRBjk","reconciling":false,"errorSource":"CLOUD_RUN","errors":[{"error":{"code":9,"message":"generic::failed_precondition: Revision 'macot-backend-build-2025-10-21-001' is not ready and cannot serve traffic. The user-provided container failed to start and listen on the port defined provided by the PORT=8080 environment variable within the allocated timeout. This can happen when the container port is misconfigured or if the timeout is too short. The health check timeout can be extended. Logs for this revision might contain more information.\n\nLogs URL: https://console.cloud.google.com/logs/viewer?project=macot-91358&resource=cloud_run_revision/service_name/macot-backend/revision_name/macot-backend-build-2025-10-21-001&advancedFilter=resource.type%3D%22cloud_run_revision%22%0Aresource.labels.service_name%3D%22macot-backend%22%0Aresource.labels.revision_name%3D%22macot-backend-build-2025-10-21-001%22 \nFor more troubleshooting guidance, see https://cloud.google.com/run/docs/troubleshooting#container-failed-to-start"},"errorSource":"CLOUD_RUN","cloudResource":"https://cloud.google.com/run"}]},{"name":"projects/macot-91358/locations/europe-west4/backends/macot-backend/builds/build-2025-10-22-001","state":"FAILED","error":{"code":9,"message":"generic::failed_precondition: The user-provided container failed to start and listen on the port defined provided by the PORT=8080 environment variable within the allocated timeout. This can happen when the container port is misconfigured or if the timeout is too short. The health check timeout can be extended. Logs for this revision might contain more information.\n\nLogs URL: https://console.cloud.google.com/logs/viewer?project=macot-91358&resource=cloud_run_revision/service_name/macot-backend/revision_name/macot-backend-build-2025-10-22-001&advancedFilter=resource.type%3D%22cloud_run_revision%22%0Aresource.labels.service_name%3D%22macot-backend%22%0Aresource.labels.revision_name%3D%22macot-backend-build-2025-10-22-001%22 \nFor more troubleshooting guidance, see https://cloud.google.com/run/docs/troubleshooting#container-failed-to-start"},"image":"europe-west4-docker.pkg.dev/macot-91358/firebaseapphosting-images/macot-backend:build-2025-10-22-001","config":{"runConfig":{},"env":[{"variable":"FIREBASE_CONFIG","value":"{\"databaseURL\":\"https://macot-91358-default-rtdb.europe-west1.firebasedatabase.app\",\"projectId\":\"macot-91358\",\"storageBucket\":\"macot-91358.firebasestorage.app\"}","availability":["BUILD","RUNTIME"]},{"variable":"FIREBASE_WEBAPP_CONFIG","value":"{\"apiKey\":\"AIzaSyAeRuJdN50zs5_iYD-7mzy99X7twRHkgXE\",\"appId\":\"1:332971064767:web:c9ec514ed241523bda750a\",\"authDomain\":\"macot-91358.firebaseapp.com\",\"databaseURL\":\"https://macot-91358-default-rtdb.europe-west1.firebasedatabase.app\",\"messagingSenderId\":\"332971064767\",\"projectId\":\"macot-91358\",\"storageBucket\":\"macot-91358.firebasestorage.app\"}","availability":["BUILD"]}]},"source":{"archive":{"rootDirectory":"/","userStorageUri":"gs://firebaseapphosting-sources-332971064767-europe-west4/macot-backend--35728-ZmAVwoMypADU-.zip"}},"buildLogsUri":"https://console.cloud.google.com/cloud-build/builds;region=europe-west4/883a3834-7d75-400c-ac51-e9b7a86ae588?project=332971064767","createTime":"2025-10-22T15:49:44.442402741Z","updateTime":"2025-10-22T15:52:46.504346Z","labels":{"deployment-tool":"cli-firebase"},"uid":"99301ac2-c7c3-464a-a0b4-3b026aaf7062","etag":"gCQP0twROZrFGUMAdVf89_JqWao7KlxL4jyz9MNC3MM","reconciling":false,"errorSource":"CLOUD_RUN","errors":[{"error":{"code":9,"message":"generic::failed_precondition: The user-provided container failed to start and listen on the port defined provided by the PORT=8080 environment variable within the allocated timeout. This can happen when the container port is misconfigured or if the timeout is too short. The health check timeout can be extended. Logs for this revision might contain more information.\n\nLogs URL: https://console.cloud.google.com/logs/viewer?project=macot-91358&resource=cloud_run_revision/service_name/macot-backend/revision_name/macot-backend-build-2025-10-22-001&advancedFilter=resource.type%3D%22cloud_run_revision%22%0Aresource.labels.service_name%3D%22macot-backend%22%0Aresource.labels.revision_name%3D%22macot-backend-build-2025-10-22-001%22 \nFor more troubleshooting guidance, see https://cloud.google.com/run/docs/troubleshooting#container-failed-to-start"},"errorSource":"CLOUD_RUN","cloudResource":"https://cloud.google.com/run"}]}]}
[debug] [2025-10-22T22:45:00.584Z] Checked if tokens are valid: true, expires at: 1761176682780
[debug] [2025-10-22T22:45:00.584Z] Checked if tokens are valid: true, expires at: 1761176682780
[debug] [2025-10-22T22:45:00.584Z] >>> [apiv2][query] POST https://firebaseapphosting.googleapis.com/v1beta/projects/macot-91358/locations/europe-west4/backends/macot-backend/builds buildId=build-2025-10-22-002
[debug] [2025-10-22T22:45:00.584Z] >>> [apiv2][body] POST https://firebaseapphosting.googleapis.com/v1beta/projects/macot-91358/locations/europe-west4/backends/macot-backend/builds {"source":{"archive":{"userStorageUri":"gs://firebaseapphosting-sources-332971064767-europe-west4/macot-backend--21001-fF4zS90fSy5W-.zip","rootDirectory":"/"}},"labels":{"deployment-tool":"cli-firebase"}}
[debug] [2025-10-22T22:45:00.751Z] <<< [apiv2][status] POST https://firebaseapphosting.googleapis.com/v1beta/projects/macot-91358/locations/europe-west4/backends/macot-backend/builds 200
[debug] [2025-10-22T22:45:00.752Z] <<< [apiv2][body] POST https://firebaseapphosting.googleapis.com/v1beta/projects/macot-91358/locations/europe-west4/backends/macot-backend/builds {"name":"projects/macot-91358/locations/europe-west4/operations/operation-1761173100803-641c7110fb507-3e37afaf-aa6ceeec","metadata":{"@type":"type.googleapis.com/google.firebase.apphosting.v1beta.OperationMetadata","createTime":"2025-10-22T22:45:00.842912760Z","target":"projects/macot-91358/locations/europe-west4/backends/macot-backend/builds/build-2025-10-22-002","verb":"create","requestedCancellation":false,"apiVersion":"v1beta"},"done":false}
[debug] [2025-10-22T22:45:00.752Z] Checked if tokens are valid: true, expires at: 1761176682780
[debug] [2025-10-22T22:45:00.752Z] Checked if tokens are valid: true, expires at: 1761176682780
[debug] [2025-10-22T22:45:00.752Z] >>> [apiv2][query] POST https://firebaseapphosting.googleapis.com/v1beta/projects/macot-91358/locations/europe-west4/backends/macot-backend/rollouts rolloutId=build-2025-10-22-002&validateOnly=true
[debug] [2025-10-22T22:45:00.752Z] >>> [apiv2][body] POST https://firebaseapphosting.googleapis.com/v1beta/projects/macot-91358/locations/europe-west4/backends/macot-backend/rollouts {"build":"projects/macot-91358/locations/europe-west4/backends/macot-backend/builds/build-2025-10-22-002","labels":{"deployment-tool":"cli-firebase"}}
[debug] [2025-10-22T22:45:00.857Z] <<< [apiv2][status] POST https://firebaseapphosting.googleapis.com/v1beta/projects/macot-91358/locations/europe-west4/backends/macot-backend/rollouts 200
[debug] [2025-10-22T22:45:00.858Z] <<< [apiv2][body] POST https://firebaseapphosting.googleapis.com/v1beta/projects/macot-91358/locations/europe-west4/backends/macot-backend/rollouts {"name":"","metadata":{},"done":true}
[debug] [2025-10-22T22:45:00.858Z] Checked if tokens are valid: true, expires at: 1761176682780
[debug] [2025-10-22T22:45:00.858Z] Checked if tokens are valid: true, expires at: 1761176682780
[debug] [2025-10-22T22:45:00.858Z] >>> [apiv2][query] POST https://firebaseapphosting.googleapis.com/v1beta/projects/macot-91358/locations/europe-west4/backends/macot-backend/rollouts rolloutId=build-2025-10-22-002&validateOnly=false
[debug] [2025-10-22T22:45:00.858Z] >>> [apiv2][body] POST https://firebaseapphosting.googleapis.com/v1beta/projects/macot-91358/locations/europe-west4/backends/macot-backend/rollouts {"build":"projects/macot-91358/locations/europe-west4/backends/macot-backend/builds/build-2025-10-22-002","labels":{"deployment-tool":"cli-firebase"}}
[debug] [2025-10-22T22:45:00.958Z] <<< [apiv2][status] POST https://firebaseapphosting.googleapis.com/v1beta/projects/macot-91358/locations/europe-west4/backends/macot-backend/rollouts 200
[debug] [2025-10-22T22:45:00.958Z] <<< [apiv2][body] POST https://firebaseapphosting.googleapis.com/v1beta/projects/macot-91358/locations/europe-west4/backends/macot-backend/rollouts {"name":"projects/macot-91358/locations/europe-west4/operations/operation-1761173101056-641c711139376-c8d4cd36-1f54ccf4","metadata":{"@type":"type.googleapis.com/google.firebase.apphosting.v1beta.OperationMetadata","createTime":"2025-10-22T22:45:01.068000300Z","target":"projects/macot-91358/locations/europe-west4/backends/macot-backend/rollouts/build-2025-10-22-002","verb":"create","requestedCancellation":false,"apiVersion":"v1beta"},"done":false}
[debug] [2025-10-22T22:45:00.958Z] Checked if tokens are valid: true, expires at: 1761176682780
[debug] [2025-10-22T22:45:00.958Z] Checked if tokens are valid: true, expires at: 1761176682780
[debug] [2025-10-22T22:45:00.959Z] Checked if tokens are valid: true, expires at: 1761176682780
[debug] [2025-10-22T22:45:00.959Z] Checked if tokens are valid: true, expires at: 1761176682780
[debug] [2025-10-22T22:45:00.959Z] >>> [apiv2][query] GET https://firebaseapphosting.googleapis.com/v1beta/projects/macot-91358/locations/europe-west4/operations/operation-1761173101056-641c711139376-c8d4cd36-1f54ccf4 [none]
[debug] [2025-10-22T22:45:00.959Z] >>> [apiv2][query] GET https://firebaseapphosting.googleapis.com/v1beta/projects/macot-91358/locations/europe-west4/operations/operation-1761173100803-641c7110fb507-3e37afaf-aa6ceeec [none]
[debug] [2025-10-22T22:45:01.033Z] <<< [apiv2][status] GET https://firebaseapphosting.googleapis.com/v1beta/projects/macot-91358/locations/europe-west4/operations/operation-1761173100803-641c7110fb507-3e37afaf-aa6ceeec 200
[debug] [2025-10-22T22:45:01.034Z] <<< [apiv2][body] GET https://firebaseapphosting.googleapis.com/v1beta/projects/macot-91358/locations/europe-west4/operations/operation-1761173100803-641c7110fb507-3e37afaf-aa6ceeec {"name":"projects/macot-91358/locations/europe-west4/operations/operation-1761173100803-641c7110fb507-3e37afaf-aa6ceeec","metadata":{"@type":"type.googleapis.com/google.firebase.apphosting.v1beta.OperationMetadata","createTime":"2025-10-22T22:45:00.842912760Z","target":"projects/macot-91358/locations/europe-west4/backends/macot-backend/builds/build-2025-10-22-002","verb":"create","requestedCancellation":false,"apiVersion":"v1beta"},"done":false}
[debug] [2025-10-22T22:45:01.142Z] <<< [apiv2][status] GET https://firebaseapphosting.googleapis.com/v1beta/projects/macot-91358/locations/europe-west4/operations/operation-1761173101056-641c711139376-c8d4cd36-1f54ccf4 200
[debug] [2025-10-22T22:45:01.143Z] <<< [apiv2][body] GET https://firebaseapphosting.googleapis.com/v1beta/projects/macot-91358/locations/europe-west4/operations/operation-1761173101056-641c711139376-c8d4cd36-1f54ccf4 {"name":"projects/macot-91358/locations/europe-west4/operations/operation-1761173101056-641c711139376-c8d4cd36-1f54ccf4","metadata":{"@type":"type.googleapis.com/google.firebase.apphosting.v1beta.OperationMetadata","createTime":"2025-10-22T22:45:01.068000300Z","endTime":"2025-10-22T22:45:01.090806549Z","target":"projects/macot-91358/locations/europe-west4/backends/macot-backend/rollouts/build-2025-10-22-002","verb":"create","requestedCancellation":false,"apiVersion":"v1beta"},"done":true,"response":{"@type":"type.googleapis.com/google.firebase.apphosting.v1beta.Rollout","name":"projects/macot-91358/locations/europe-west4/backends/macot-backend/rollouts/build-2025-10-22-002","createTime":"2025-10-22T22:45:01.064095970Z","updateTime":"2025-10-22T22:45:01.088563Z","state":"QUEUED","build":"projects/macot-91358/locations/europe-west4/backends/macot-backend/builds/build-2025-10-22-002","labels":{"deployment-tool":"cli-firebase"},"uid":"a8cc57a6-fa03-4a08-b12c-f6f980169dc7","etag":"tZwbCAF00aBDMHbJWlCy-Qp_CbQaNiA7urQBRyMjvFM","reconciling":false}}
[debug] [2025-10-22T22:45:01.534Z] [create-macot-91358-europe-west4-backend-macot-backend-build-build-2025-10-22-002] Retrying task index 0
[debug] [2025-10-22T22:45:01.535Z] Checked if tokens are valid: true, expires at: 1761176682780
[debug] [2025-10-22T22:45:01.535Z] Checked if tokens are valid: true, expires at: 1761176682780
[debug] [2025-10-22T22:45:01.535Z] >>> [apiv2][query] GET https://firebaseapphosting.googleapis.com/v1beta/projects/macot-91358/locations/europe-west4/operations/operation-1761173100803-641c7110fb507-3e37afaf-aa6ceeec [none]
[debug] [2025-10-22T22:45:01.592Z] <<< [apiv2][status] GET https://firebaseapphosting.googleapis.com/v1beta/projects/macot-91358/locations/europe-west4/operations/operation-1761173100803-641c7110fb507-3e37afaf-aa6ceeec 200
[debug] [2025-10-22T22:45:01.592Z] <<< [apiv2][body] GET https://firebaseapphosting.googleapis.com/v1beta/projects/macot-91358/locations/europe-west4/operations/operation-1761173100803-641c7110fb507-3e37afaf-aa6ceeec {"name":"projects/macot-91358/locations/europe-west4/operations/operation-1761173100803-641c7110fb507-3e37afaf-aa6ceeec","metadata":{"@type":"type.googleapis.com/google.firebase.apphosting.v1beta.OperationMetadata","createTime":"2025-10-22T22:45:00.842912760Z","target":"projects/macot-91358/locations/europe-west4/backends/macot-backend/builds/build-2025-10-22-002","verb":"create","requestedCancellation":false,"apiVersion":"v1beta"},"done":false}
[debug] [2025-10-22T22:45:02.593Z] [create-macot-91358-europe-west4-backend-macot-backend-build-build-2025-10-22-002] Retrying task index 0
[debug] [2025-10-22T22:45:02.594Z] Checked if tokens are valid: true, expires at: 1761176682780
[debug] [2025-10-22T22:45:02.594Z] Checked if tokens are valid: true, expires at: 1761176682780
[debug] [2025-10-22T22:45:02.594Z] >>> [apiv2][query] GET https://firebaseapphosting.googleapis.com/v1beta/projects/macot-91358/locations/europe-west4/operations/operation-1761173100803-641c7110fb507-3e37afaf-aa6ceeec [none]
[debug] [2025-10-22T22:45:02.700Z] <<< [apiv2][status] GET https://firebaseapphosting.googleapis.com/v1beta/projects/macot-91358/locations/europe-west4/operations/operation-1761173100803-641c7110fb507-3e37afaf-aa6ceeec 200
[debug] [2025-10-22T22:45:02.700Z] <<< [apiv2][body] GET https://firebaseapphosting.googleapis.com/v1beta/projects/macot-91358/locations/europe-west4/operations/operation-1761173100803-641c7110fb507-3e37afaf-aa6ceeec {"name":"projects/macot-91358/locations/europe-west4/operations/operation-1761173100803-641c7110fb507-3e37afaf-aa6ceeec","metadata":{"@type":"type.googleapis.com/google.firebase.apphosting.v1beta.OperationMetadata","createTime":"2025-10-22T22:45:00.842912760Z","target":"projects/macot-91358/locations/europe-west4/backends/macot-backend/builds/build-2025-10-22-002","verb":"create","requestedCancellation":false,"apiVersion":"v1beta"},"done":false}
[debug] [2025-10-22T22:45:04.700Z] [create-macot-91358-europe-west4-backend-macot-backend-build-build-2025-10-22-002] Retrying task index 0
[debug] [2025-10-22T22:45:04.700Z] Checked if tokens are valid: true, expires at: 1761176682780
[debug] [2025-10-22T22:45:04.700Z] Checked if tokens are valid: true, expires at: 1761176682780
[debug] [2025-10-22T22:45:04.700Z] >>> [apiv2][query] GET https://firebaseapphosting.googleapis.com/v1beta/projects/macot-91358/locations/europe-west4/operations/operation-1761173100803-641c7110fb507-3e37afaf-aa6ceeec [none]
[debug] [2025-10-22T22:45:04.813Z] <<< [apiv2][status] GET https://firebaseapphosting.googleapis.com/v1beta/projects/macot-91358/locations/europe-west4/operations/operation-1761173100803-641c7110fb507-3e37afaf-aa6ceeec 200
[debug] [2025-10-22T22:45:04.813Z] <<< [apiv2][body] GET https://firebaseapphosting.googleapis.com/v1beta/projects/macot-91358/locations/europe-west4/operations/operation-1761173100803-641c7110fb507-3e37afaf-aa6ceeec {"name":"projects/macot-91358/locations/europe-west4/operations/operation-1761173100803-641c7110fb507-3e37afaf-aa6ceeec","metadata":{"@type":"type.googleapis.com/google.firebase.apphosting.v1beta.OperationMetadata","createTime":"2025-10-22T22:45:00.842912760Z","target":"projects/macot-91358/locations/europe-west4/backends/macot-backend/builds/build-2025-10-22-002","verb":"create","requestedCancellation":false,"apiVersion":"v1beta"},"done":false}
[debug] [2025-10-22T22:45:08.815Z] [create-macot-91358-europe-west4-backend-macot-backend-build-build-2025-10-22-002] Retrying task index 0
[debug] [2025-10-22T22:45:08.815Z] Checked if tokens are valid: true, expires at: 1761176682780
[debug] [2025-10-22T22:45:08.816Z] Checked if tokens are valid: true, expires at: 1761176682780
[debug] [2025-10-22T22:45:08.816Z] >>> [apiv2][query] GET https://firebaseapphosting.googleapis.com/v1beta/projects/macot-91358/locations/europe-west4/operations/operation-1761173100803-641c7110fb507-3e37afaf-aa6ceeec [none]
[debug] [2025-10-22T22:45:08.919Z] <<< [apiv2][status] GET https://firebaseapphosting.googleapis.com/v1beta/projects/macot-91358/locations/europe-west4/operations/operation-1761173100803-641c7110fb507-3e37afaf-aa6ceeec 200
[debug] [2025-10-22T22:45:08.919Z] <<< [apiv2][body] GET https://firebaseapphosting.googleapis.com/v1beta/projects/macot-91358/locations/europe-west4/operations/operation-1761173100803-641c7110fb507-3e37afaf-aa6ceeec {"name":"projects/macot-91358/locations/europe-west4/operations/operation-1761173100803-641c7110fb507-3e37afaf-aa6ceeec","metadata":{"@type":"type.googleapis.com/google.firebase.apphosting.v1beta.OperationMetadata","createTime":"2025-10-22T22:45:00.842912760Z","target":"projects/macot-91358/locations/europe-west4/backends/macot-backend/builds/build-2025-10-22-002","verb":"create","requestedCancellation":false,"apiVersion":"v1beta"},"done":false}
[debug] [2025-10-22T22:45:16.920Z] [create-macot-91358-europe-west4-backend-macot-backend-build-build-2025-10-22-002] Retrying task index 0
[debug] [2025-10-22T22:45:16.920Z] Checked if tokens are valid: true, expires at: 1761176682780
[debug] [2025-10-22T22:45:16.921Z] Checked if tokens are valid: true, expires at: 1761176682780
[debug] [2025-10-22T22:45:16.921Z] >>> [apiv2][query] GET https://firebaseapphosting.googleapis.com/v1beta/projects/macot-91358/locations/europe-west4/operations/operation-1761173100803-641c7110fb507-3e37afaf-aa6ceeec [none]
[debug] [2025-10-22T22:45:17.173Z] <<< [apiv2][status] GET https://firebaseapphosting.googleapis.com/v1beta/projects/macot-91358/locations/europe-west4/operations/operation-1761173100803-641c7110fb507-3e37afaf-aa6ceeec 200
[debug] [2025-10-22T22:45:17.173Z] <<< [apiv2][body] GET https://firebaseapphosting.googleapis.com/v1beta/projects/macot-91358/locations/europe-west4/operations/operation-1761173100803-641c7110fb507-3e37afaf-aa6ceeec {"name":"projects/macot-91358/locations/europe-west4/operations/operation-1761173100803-641c7110fb507-3e37afaf-aa6ceeec","metadata":{"@type":"type.googleapis.com/google.firebase.apphosting.v1beta.OperationMetadata","createTime":"2025-10-22T22:45:00.842912760Z","target":"projects/macot-91358/locations/europe-west4/backends/macot-backend/builds/build-2025-10-22-002","verb":"create","requestedCancellation":false,"apiVersion":"v1beta"},"done":false}
[debug] [2025-10-22T22:45:27.173Z] [create-macot-91358-europe-west4-backend-macot-backend-build-build-2025-10-22-002] Retrying task index 0
[debug] [2025-10-22T22:45:27.174Z] Checked if tokens are valid: true, expires at: 1761176682780
[debug] [2025-10-22T22:45:27.174Z] Checked if tokens are valid: true, expires at: 1761176682780
[debug] [2025-10-22T22:45:27.174Z] >>> [apiv2][query] GET https://firebaseapphosting.googleapis.com/v1beta/projects/macot-91358/locations/europe-west4/operations/operation-1761173100803-641c7110fb507-3e37afaf-aa6ceeec [none]
[debug] [2025-10-22T22:45:27.448Z] <<< [apiv2][status] GET https://firebaseapphosting.googleapis.com/v1beta/projects/macot-91358/locations/europe-west4/operations/operation-1761173100803-641c7110fb507-3e37afaf-aa6ceeec 200
[debug] [2025-10-22T22:45:27.448Z] <<< [apiv2][body] GET https://firebaseapphosting.googleapis.com/v1beta/projects/macot-91358/locations/europe-west4/operations/operation-1761173100803-641c7110fb507-3e37afaf-aa6ceeec {"name":"projects/macot-91358/locations/europe-west4/operations/operation-1761173100803-641c7110fb507-3e37afaf-aa6ceeec","metadata":{"@type":"type.googleapis.com/google.firebase.apphosting.v1beta.OperationMetadata","createTime":"2025-10-22T22:45:00.842912760Z","target":"projects/macot-91358/locations/europe-west4/backends/macot-backend/builds/build-2025-10-22-002","verb":"create","requestedCancellation":false,"apiVersion":"v1beta"},"done":false}
[debug] [2025-10-22T22:45:37.448Z] [create-macot-91358-europe-west4-backend-macot-backend-build-build-2025-10-22-002] Retrying task index 0
[debug] [2025-10-22T22:45:37.449Z] Checked if tokens are valid: true, expires at: 1761176682780
[debug] [2025-10-22T22:45:37.449Z] Checked if tokens are valid: true, expires at: 1761176682780
[debug] [2025-10-22T22:45:37.449Z] >>> [apiv2][query] GET https://firebaseapphosting.googleapis.com/v1beta/projects/macot-91358/locations/europe-west4/operations/operation-1761173100803-641c7110fb507-3e37afaf-aa6ceeec [none]
[debug] [2025-10-22T22:45:37.724Z] <<< [apiv2][status] GET https://firebaseapphosting.googleapis.com/v1beta/projects/macot-91358/locations/europe-west4/operations/operation-1761173100803-641c7110fb507-3e37afaf-aa6ceeec 200
[debug] [2025-10-22T22:45:37.724Z] <<< [apiv2][body] GET https://firebaseapphosting.googleapis.com/v1beta/projects/macot-91358/locations/europe-west4/operations/operation-1761173100803-641c7110fb507-3e37afaf-aa6ceeec {"name":"projects/macot-91358/locations/europe-west4/operations/operation-1761173100803-641c7110fb507-3e37afaf-aa6ceeec","metadata":{"@type":"type.googleapis.com/google.firebase.apphosting.v1beta.OperationMetadata","createTime":"2025-10-22T22:45:00.842912760Z","target":"projects/macot-91358/locations/europe-west4/backends/macot-backend/builds/build-2025-10-22-002","verb":"create","requestedCancellation":false,"apiVersion":"v1beta"},"done":false}
[debug] [2025-10-22T22:45:47.725Z] [create-macot-91358-europe-west4-backend-macot-backend-build-build-2025-10-22-002] Retrying task index 0
[debug] [2025-10-22T22:45:47.726Z] Checked if tokens are valid: true, expires at: 1761176682780
[debug] [2025-10-22T22:45:47.726Z] Checked if tokens are valid: true, expires at: 1761176682780
[debug] [2025-10-22T22:45:47.726Z] >>> [apiv2][query] GET https://firebaseapphosting.googleapis.com/v1beta/projects/macot-91358/locations/europe-west4/operations/operation-1761173100803-641c7110fb507-3e37afaf-aa6ceeec [none]
[debug] [2025-10-22T22:45:47.960Z] <<< [apiv2][status] GET https://firebaseapphosting.googleapis.com/v1beta/projects/macot-91358/locations/europe-west4/operations/operation-1761173100803-641c7110fb507-3e37afaf-aa6ceeec 200
[debug] [2025-10-22T22:45:47.961Z] <<< [apiv2][body] GET https://firebaseapphosting.googleapis.com/v1beta/projects/macot-91358/locations/europe-west4/operations/operation-1761173100803-641c7110fb507-3e37afaf-aa6ceeec {"name":"projects/macot-91358/locations/europe-west4/operations/operation-1761173100803-641c7110fb507-3e37afaf-aa6ceeec","metadata":{"@type":"type.googleapis.com/google.firebase.apphosting.v1beta.OperationMetadata","createTime":"2025-10-22T22:45:00.842912760Z","target":"projects/macot-91358/locations/europe-west4/backends/macot-backend/builds/build-2025-10-22-002","verb":"create","requestedCancellation":false,"apiVersion":"v1beta"},"done":false}
[debug] [2025-10-22T22:45:57.961Z] [create-macot-91358-europe-west4-backend-macot-backend-build-build-2025-10-22-002] Retrying task index 0
[debug] [2025-10-22T22:45:57.962Z] Checked if tokens are valid: true, expires at: 1761176682780
[debug] [2025-10-22T22:45:57.962Z] Checked if tokens are valid: true, expires at: 1761176682780
[debug] [2025-10-22T22:45:57.962Z] >>> [apiv2][query] GET https://firebaseapphosting.googleapis.com/v1beta/projects/macot-91358/locations/europe-west4/operations/operation-1761173100803-641c7110fb507-3e37afaf-aa6ceeec [none]
[debug] [2025-10-22T22:45:58.239Z] <<< [apiv2][status] GET https://firebaseapphosting.googleapis.com/v1beta/projects/macot-91358/locations/europe-west4/operations/operation-1761173100803-641c7110fb507-3e37afaf-aa6ceeec 200
[debug] [2025-10-22T22:45:58.239Z] <<< [apiv2][body] GET https://firebaseapphosting.googleapis.com/v1beta/projects/macot-91358/locations/europe-west4/operations/operation-1761173100803-641c7110fb507-3e37afaf-aa6ceeec {"name":"projects/macot-91358/locations/europe-west4/operations/operation-1761173100803-641c7110fb507-3e37afaf-aa6ceeec","metadata":{"@type":"type.googleapis.com/google.firebase.apphosting.v1beta.OperationMetadata","createTime":"2025-10-22T22:45:00.842912760Z","target":"projects/macot-91358/locations/europe-west4/backends/macot-backend/builds/build-2025-10-22-002","verb":"create","requestedCancellation":false,"apiVersion":"v1beta"},"done":false}
[debug] [2025-10-22T22:46:08.240Z] [create-macot-91358-europe-west4-backend-macot-backend-build-build-2025-10-22-002] Retrying task index 0
[debug] [2025-10-22T22:46:08.240Z] Checked if tokens are valid: true, expires at: 1761176682780
[debug] [2025-10-22T22:46:08.241Z] Checked if tokens are valid: true, expires at: 1761176682780
[debug] [2025-10-22T22:46:08.241Z] >>> [apiv2][query] GET https://firebaseapphosting.googleapis.com/v1beta/projects/macot-91358/locations/europe-west4/operations/operation-1761173100803-641c7110fb507-3e37afaf-aa6ceeec [none]
[debug] [2025-10-22T22:46:08.484Z] <<< [apiv2][status] GET https://firebaseapphosting.googleapis.com/v1beta/projects/macot-91358/locations/europe-west4/operations/operation-1761173100803-641c7110fb507-3e37afaf-aa6ceeec 200
[debug] [2025-10-22T22:46:08.484Z] <<< [apiv2][body] GET https://firebaseapphosting.googleapis.com/v1beta/projects/macot-91358/locations/europe-west4/operations/operation-1761173100803-641c7110fb507-3e37afaf-aa6ceeec {"name":"projects/macot-91358/locations/europe-west4/operations/operation-1761173100803-641c7110fb507-3e37afaf-aa6ceeec","metadata":{"@type":"type.googleapis.com/google.firebase.apphosting.v1beta.OperationMetadata","createTime":"2025-10-22T22:45:00.842912760Z","target":"projects/macot-91358/locations/europe-west4/backends/macot-backend/builds/build-2025-10-22-002","verb":"create","requestedCancellation":false,"apiVersion":"v1beta"},"done":false}
[debug] [2025-10-22T22:46:18.485Z] [create-macot-91358-europe-west4-backend-macot-backend-build-build-2025-10-22-002] Retrying task index 0
[debug] [2025-10-22T22:46:18.485Z] Checked if tokens are valid: true, expires at: 1761176682780
[debug] [2025-10-22T22:46:18.485Z] Checked if tokens are valid: true, expires at: 1761176682780
[debug] [2025-10-22T22:46:18.485Z] >>> [apiv2][query] GET https://firebaseapphosting.googleapis.com/v1beta/projects/macot-91358/locations/europe-west4/operations/operation-1761173100803-641c7110fb507-3e37afaf-aa6ceeec [none]
[debug] [2025-10-22T22:46:18.730Z] <<< [apiv2][status] GET https://firebaseapphosting.googleapis.com/v1beta/projects/macot-91358/locations/europe-west4/operations/operation-1761173100803-641c7110fb507-3e37afaf-aa6ceeec 200
[debug] [2025-10-22T22:46:18.730Z] <<< [apiv2][body] GET https://firebaseapphosting.googleapis.com/v1beta/projects/macot-91358/locations/europe-west4/operations/operation-1761173100803-641c7110fb507-3e37afaf-aa6ceeec {"name":"projects/macot-91358/locations/europe-west4/operations/operation-1761173100803-641c7110fb507-3e37afaf-aa6ceeec","metadata":{"@type":"type.googleapis.com/google.firebase.apphosting.v1beta.OperationMetadata","createTime":"2025-10-22T22:45:00.842912760Z","target":"projects/macot-91358/locations/europe-west4/backends/macot-backend/builds/build-2025-10-22-002","verb":"create","requestedCancellation":false,"apiVersion":"v1beta"},"done":false}
[debug] [2025-10-22T22:46:28.730Z] [create-macot-91358-europe-west4-backend-macot-backend-build-build-2025-10-22-002] Retrying task index 0
[debug] [2025-10-22T22:46:28.730Z] Checked if tokens are valid: true, expires at: 1761176682780
[debug] [2025-10-22T22:46:28.730Z] Checked if tokens are valid: true, expires at: 1761176682780
[debug] [2025-10-22T22:46:28.731Z] >>> [apiv2][query] GET https://firebaseapphosting.googleapis.com/v1beta/projects/macot-91358/locations/europe-west4/operations/operation-1761173100803-641c7110fb507-3e37afaf-aa6ceeec [none]
[debug] [2025-10-22T22:46:28.987Z] <<< [apiv2][status] GET https://firebaseapphosting.googleapis.com/v1beta/projects/macot-91358/locations/europe-west4/operations/operation-1761173100803-641c7110fb507-3e37afaf-aa6ceeec 200
[debug] [2025-10-22T22:46:28.987Z] <<< [apiv2][body] GET https://firebaseapphosting.googleapis.com/v1beta/projects/macot-91358/locations/europe-west4/operations/operation-1761173100803-641c7110fb507-3e37afaf-aa6ceeec {"name":"projects/macot-91358/locations/europe-west4/operations/operation-1761173100803-641c7110fb507-3e37afaf-aa6ceeec","metadata":{"@type":"type.googleapis.com/google.firebase.apphosting.v1beta.OperationMetadata","createTime":"2025-10-22T22:45:00.842912760Z","target":"projects/macot-91358/locations/europe-west4/backends/macot-backend/builds/build-2025-10-22-002","verb":"create","requestedCancellation":false,"apiVersion":"v1beta"},"done":false}
[debug] [2025-10-22T22:46:38.988Z] [create-macot-91358-europe-west4-backend-macot-backend-build-build-2025-10-22-002] Retrying task index 0
[debug] [2025-10-22T22:46:38.989Z] Checked if tokens are valid: true, expires at: 1761176682780
[debug] [2025-10-22T22:46:38.989Z] Checked if tokens are valid: true, expires at: 1761176682780
[debug] [2025-10-22T22:46:38.989Z] >>> [apiv2][query] GET https://firebaseapphosting.googleapis.com/v1beta/projects/macot-91358/locations/europe-west4/operations/operation-1761173100803-641c7110fb507-3e37afaf-aa6ceeec [none]
[debug] [2025-10-22T22:46:39.257Z] <<< [apiv2][status] GET https://firebaseapphosting.googleapis.com/v1beta/projects/macot-91358/locations/europe-west4/operations/operation-1761173100803-641c7110fb507-3e37afaf-aa6ceeec 200
[debug] [2025-10-22T22:46:39.257Z] <<< [apiv2][body] GET https://firebaseapphosting.googleapis.com/v1beta/projects/macot-91358/locations/europe-west4/operations/operation-1761173100803-641c7110fb507-3e37afaf-aa6ceeec {"name":"projects/macot-91358/locations/europe-west4/operations/operation-1761173100803-641c7110fb507-3e37afaf-aa6ceeec","metadata":{"@type":"type.googleapis.com/google.firebase.apphosting.v1beta.OperationMetadata","createTime":"2025-10-22T22:45:00.842912760Z","target":"projects/macot-91358/locations/europe-west4/backends/macot-backend/builds/build-2025-10-22-002","verb":"create","requestedCancellation":false,"apiVersion":"v1beta"},"done":false}
[debug] [2025-10-22T22:46:51.011Z] [create-macot-91358-europe-west4-backend-macot-backend-build-build-2025-10-22-002] Retrying task index 0
[debug] [2025-10-22T22:46:51.011Z] Checked if tokens are valid: true, expires at: 1761176682780
[debug] [2025-10-22T22:46:51.011Z] Checked if tokens are valid: true, expires at: 1761176682780
[debug] [2025-10-22T22:46:51.011Z] >>> [apiv2][query] GET https://firebaseapphosting.googleapis.com/v1beta/projects/macot-91358/locations/europe-west4/operations/operation-1761173100803-641c7110fb507-3e37afaf-aa6ceeec [none]
